{"D:\\Flutter Project Files\\teacher_daily_tool\\src\\App.css": {"path":"D:\\Flutter Project Files\\teacher_daily_tool\\src\\App.css","statementMap":{},"fnMap":{},"branchMap":{},"s":{},"f":{},"b":{},"meta":{"lastBranch":0,"lastFunction":0,"lastStatement":0,"seen":{}}}
,"D:\\Flutter Project Files\\teacher_daily_tool\\src\\App.tsx": {"path":"D:\\Flutter Project Files\\teacher_daily_tool\\src\\App.tsx","statementMap":{"0":{"start":{"line":34,"column":22},"end":{"line":295,"column":null}},"1":{"start":{"line":35,"column":8},"end":{"line":35,"column":null}},"2":{"start":{"line":46,"column":2},"end":{"line":46,"column":null}},"3":{"start":{"line":46,"column":40},"end":{"line":46,"column":52}},"4":{"start":{"line":48,"column":23},"end":{"line":48,"column":null}},"5":{"start":{"line":49,"column":8},"end":{"line":49,"column":null}},"6":{"start":{"line":50,"column":8},"end":{"line":50,"column":null}},"7":{"start":{"line":52,"column":28},"end":{"line":82,"column":null}},"8":{"start":{"line":53,"column":17},"end":{"line":53,"column":null}},"9":{"start":{"line":54,"column":4},"end":{"line":54,"column":null}},"10":{"start":{"line":54,"column":15},"end":{"line":54,"column":null}},"11":{"start":{"line":56,"column":4},"end":{"line":81,"column":null}},"12":{"start":{"line":57,"column":6},"end":{"line":57,"column":null}},"13":{"start":{"line":58,"column":21},"end":{"line":58,"column":null}},"14":{"start":{"line":59,"column":6},"end":{"line":72,"column":null}},"15":{"start":{"line":60,"column":29},"end":{"line":60,"column":null}},"16":{"start":{"line":63,"column":28},"end":{"line":63,"column":null}},"17":{"start":{"line":65,"column":23},"end":{"line":65,"column":null}},"18":{"start":{"line":67,"column":8},"end":{"line":67,"column":null}},"19":{"start":{"line":67,"column":35},"end":{"line":67,"column":null}},"20":{"start":{"line":68,"column":8},"end":{"line":68,"column":null}},"21":{"start":{"line":68,"column":34},"end":{"line":68,"column":null}},"22":{"start":{"line":69,"column":8},"end":{"line":69,"column":null}},"23":{"start":{"line":69,"column":50},"end":{"line":69,"column":null}},"24":{"start":{"line":70,"column":8},"end":{"line":70,"column":null}},"25":{"start":{"line":70,"column":38},"end":{"line":70,"column":null}},"26":{"start":{"line":71,"column":8},"end":{"line":71,"column":null}},"27":{"start":{"line":71,"column":43},"end":{"line":71,"column":null}},"28":{"start":{"line":71,"column":105},"end":{"line":71,"column":128}},"29":{"start":{"line":73,"column":6},"end":{"line":73,"column":null}},"30":{"start":{"line":75,"column":6},"end":{"line":75,"column":null}},"31":{"start":{"line":76,"column":6},"end":{"line":76,"column":null}},"32":{"start":{"line":78,"column":6},"end":{"line":78,"column":null}},"33":{"start":{"line":80,"column":6},"end":{"line":80,"column":null}},"34":{"start":{"line":80,"column":32},"end":{"line":80,"column":null}},"35":{"start":{"line":84,"column":25},"end":{"line":121,"column":null}},"36":{"start":{"line":85,"column":4},"end":{"line":85,"column":null}},"37":{"start":{"line":85,"column":23},"end":{"line":85,"column":null}},"38":{"start":{"line":87,"column":4},"end":{"line":87,"column":null}},"39":{"start":{"line":88,"column":4},"end":{"line":88,"column":null}},"40":{"start":{"line":90,"column":4},"end":{"line":120,"column":null}},"41":{"start":{"line":92,"column":6},"end":{"line":101,"column":null}},"42":{"start":{"line":93,"column":8},"end":{"line":93,"column":null}},"43":{"start":{"line":94,"column":8},"end":{"line":100,"column":null}},"44":{"start":{"line":103,"column":19},"end":{"line":113,"column":null}},"45":{"start":{"line":112,"column":34},"end":{"line":112,"column":40}},"46":{"start":{"line":114,"column":6},"end":{"line":114,"column":null}},"47":{"start":{"line":116,"column":6},"end":{"line":116,"column":null}},"48":{"start":{"line":117,"column":6},"end":{"line":117,"column":null}},"49":{"start":{"line":119,"column":6},"end":{"line":119,"column":null}},"50":{"start":{"line":123,"column":49},"end":{"line":123,"column":null}},"51":{"start":{"line":126,"column":8},"end":{"line":126,"column":null}},"52":{"start":{"line":126,"column":63},"end":{"line":126,"column":89}},"53":{"start":{"line":128,"column":2},"end":{"line":132,"column":null}},"54":{"start":{"line":129,"column":4},"end":{"line":131,"column":null}},"55":{"start":{"line":130,"column":6},"end":{"line":130,"column":null}},"56":{"start":{"line":134,"column":18},"end":{"line":138,"column":null}},"57":{"start":{"line":135,"column":4},"end":{"line":138,"column":null}},"58":{"start":{"line":141,"column":2},"end":{"line":293,"column":null}},"59":{"start":{"line":191,"column":33},"end":{"line":191,"column":null}},"60":{"start":{"line":203,"column":33},"end":{"line":203,"column":null}},"61":{"start":{"line":215,"column":33},"end":{"line":215,"column":null}},"62":{"start":{"line":225,"column":33},"end":{"line":225,"column":null}},"63":{"start":{"line":225,"column":86},"end":{"line":225,"column":94}},"64":{"start":{"line":236,"column":33},"end":{"line":236,"column":null}}},"fnMap":{"0":{"name":"(anonymous_0)","decl":{"start":{"line":34,"column":22},"end":{"line":34,"column":28}},"loc":{"start":{"line":34,"column":28},"end":{"line":295,"column":null}},"line":34},"1":{"name":"(anonymous_1)","decl":{"start":{"line":46,"column":18},"end":{"line":46,"column":19}},"loc":{"start":{"line":46,"column":40},"end":{"line":46,"column":52}},"line":46},"2":{"name":"(anonymous_2)","decl":{"start":{"line":52,"column":28},"end":{"line":52,"column":35}},"loc":{"start":{"line":52,"column":82},"end":{"line":82,"column":null}},"line":52},"3":{"name":"(anonymous_3)","decl":{"start":{"line":59,"column":25},"end":{"line":59,"column":37}},"loc":{"start":{"line":59,"column":37},"end":{"line":72,"column":null}},"line":59},"4":{"name":"(anonymous_4)","decl":{"start":{"line":71,"column":89},"end":{"line":71,"column":90}},"loc":{"start":{"line":71,"column":105},"end":{"line":71,"column":128}},"line":71},"5":{"name":"(anonymous_5)","decl":{"start":{"line":84,"column":25},"end":{"line":84,"column":37}},"loc":{"start":{"line":84,"column":37},"end":{"line":121,"column":null}},"line":84},"6":{"name":"(anonymous_6)","decl":{"start":{"line":112,"column":29},"end":{"line":112,"column":34}},"loc":{"start":{"line":112,"column":34},"end":{"line":112,"column":40}},"line":112},"7":{"name":"(anonymous_7)","decl":{"start":{"line":126,"column":41},"end":{"line":126,"column":42}},"loc":{"start":{"line":126,"column":63},"end":{"line":126,"column":89}},"line":126},"8":{"name":"(anonymous_8)","decl":{"start":{"line":128,"column":18},"end":{"line":128,"column":24}},"loc":{"start":{"line":128,"column":24},"end":{"line":132,"column":5}},"line":128},"9":{"name":"(anonymous_9)","decl":{"start":{"line":134,"column":18},"end":{"line":134,"column":19}},"loc":{"start":{"line":135,"column":4},"end":{"line":138,"column":null}},"line":135},"10":{"name":"(anonymous_10)","decl":{"start":{"line":191,"column":26},"end":{"line":191,"column":27}},"loc":{"start":{"line":191,"column":33},"end":{"line":191,"column":null}},"line":191},"11":{"name":"(anonymous_11)","decl":{"start":{"line":203,"column":26},"end":{"line":203,"column":27}},"loc":{"start":{"line":203,"column":33},"end":{"line":203,"column":null}},"line":203},"12":{"name":"(anonymous_12)","decl":{"start":{"line":215,"column":26},"end":{"line":215,"column":27}},"loc":{"start":{"line":215,"column":33},"end":{"line":215,"column":null}},"line":215},"13":{"name":"(anonymous_13)","decl":{"start":{"line":225,"column":26},"end":{"line":225,"column":27}},"loc":{"start":{"line":225,"column":33},"end":{"line":225,"column":null}},"line":225},"14":{"name":"(anonymous_14)","decl":{"start":{"line":225,"column":81},"end":{"line":225,"column":86}},"loc":{"start":{"line":225,"column":86},"end":{"line":225,"column":94}},"line":225},"15":{"name":"(anonymous_15)","decl":{"start":{"line":236,"column":26},"end":{"line":236,"column":27}},"loc":{"start":{"line":236,"column":33},"end":{"line":236,"column":null}},"line":236}},"branchMap":{"0":{"loc":{"start":{"line":54,"column":4},"end":{"line":54,"column":null}},"type":"if","locations":[{"start":{"line":54,"column":4},"end":{"line":54,"column":null}},{"start":{},"end":{}}],"line":54},"1":{"loc":{"start":{"line":63,"column":28},"end":{"line":63,"column":null}},"type":"binary-expr","locations":[{"start":{"line":63,"column":28},"end":{"line":63,"column":58}},{"start":{"line":63,"column":58},"end":{"line":63,"column":null}}],"line":63},"2":{"loc":{"start":{"line":67,"column":8},"end":{"line":67,"column":null}},"type":"if","locations":[{"start":{"line":67,"column":8},"end":{"line":67,"column":null}},{"start":{},"end":{}}],"line":67},"3":{"loc":{"start":{"line":68,"column":8},"end":{"line":68,"column":null}},"type":"if","locations":[{"start":{"line":68,"column":8},"end":{"line":68,"column":null}},{"start":{},"end":{}}],"line":68},"4":{"loc":{"start":{"line":69,"column":8},"end":{"line":69,"column":null}},"type":"if","locations":[{"start":{"line":69,"column":8},"end":{"line":69,"column":null}},{"start":{},"end":{}}],"line":69},"5":{"loc":{"start":{"line":70,"column":8},"end":{"line":70,"column":null}},"type":"if","locations":[{"start":{"line":70,"column":8},"end":{"line":70,"column":null}},{"start":{},"end":{}}],"line":70},"6":{"loc":{"start":{"line":71,"column":8},"end":{"line":71,"column":null}},"type":"if","locations":[{"start":{"line":71,"column":8},"end":{"line":71,"column":null}},{"start":{},"end":{}}],"line":71},"7":{"loc":{"start":{"line":80,"column":6},"end":{"line":80,"column":null}},"type":"if","locations":[{"start":{"line":80,"column":6},"end":{"line":80,"column":null}},{"start":{},"end":{}}],"line":80},"8":{"loc":{"start":{"line":85,"column":4},"end":{"line":85,"column":null}},"type":"if","locations":[{"start":{"line":85,"column":4},"end":{"line":85,"column":null}},{"start":{},"end":{}}],"line":85},"9":{"loc":{"start":{"line":92,"column":6},"end":{"line":101,"column":null}},"type":"if","locations":[{"start":{"line":92,"column":6},"end":{"line":101,"column":null}},{"start":{},"end":{}}],"line":92},"10":{"loc":{"start":{"line":117,"column":24},"end":{"line":117,"column":60}},"type":"binary-expr","locations":[{"start":{"line":117,"column":24},"end":{"line":117,"column":39}},{"start":{"line":117,"column":39},"end":{"line":117,"column":60}}],"line":117},"11":{"loc":{"start":{"line":129,"column":4},"end":{"line":131,"column":null}},"type":"if","locations":[{"start":{"line":129,"column":4},"end":{"line":131,"column":null}},{"start":{},"end":{}}],"line":129},"12":{"loc":{"start":{"line":157,"column":17},"end":{"line":169,"column":null}},"type":"cond-expr","locations":[{"start":{"line":158,"column":18},"end":{"line":161,"column":null}},{"start":{"line":163,"column":18},"end":{"line":169,"column":null}}],"line":157},"13":{"loc":{"start":{"line":224,"column":23},"end":{"line":224,"column":null}},"type":"cond-expr","locations":[{"start":{"line":224,"column":46},"end":{"line":224,"column":65}},{"start":{"line":224,"column":65},"end":{"line":224,"column":null}}],"line":224},"14":{"loc":{"start":{"line":246,"column":22},"end":{"line":246,"column":null}},"type":"binary-expr","locations":[{"start":{"line":246,"column":22},"end":{"line":246,"column":35}},{"start":{"line":246,"column":35},"end":{"line":246,"column":null}}],"line":246},"15":{"loc":{"start":{"line":248,"column":14},"end":{"line":250,"column":null}},"type":"cond-expr","locations":[{"start":{"line":249,"column":18},"end":{"line":249,"column":null}},{"start":{"line":250,"column":18},"end":{"line":250,"column":null}}],"line":248},"16":{"loc":{"start":{"line":248,"column":14},"end":{"line":248,"column":null}},"type":"binary-expr","locations":[{"start":{"line":248,"column":14},"end":{"line":248,"column":27}},{"start":{"line":248,"column":27},"end":{"line":248,"column":null}}],"line":248},"17":{"loc":{"start":{"line":253,"column":13},"end":{"line":259,"column":null}},"type":"cond-expr","locations":[{"start":{"line":254,"column":14},"end":{"line":257,"column":null}},{"start":{"line":259,"column":14},"end":{"line":259,"column":null}}],"line":253},"18":{"loc":{"start":{"line":263,"column":11},"end":{"line":267,"column":null}},"type":"binary-expr","locations":[{"start":{"line":263,"column":11},"end":{"line":263,"column":null}},{"start":{"line":264,"column":12},"end":{"line":267,"column":null}}],"line":263},"19":{"loc":{"start":{"line":274,"column":9},"end":{"line":290,"column":null}},"type":"cond-expr","locations":[{"start":{"line":275,"column":10},"end":{"line":283,"column":null}},{"start":{"line":285,"column":10},"end":{"line":290,"column":null}}],"line":274}},"s":{"0":2,"1":9,"2":9,"3":20,"4":9,"5":9,"6":9,"7":9,"8":0,"9":0,"10":0,"11":0,"12":0,"13":0,"14":0,"15":0,"16":0,"17":0,"18":0,"19":0,"20":0,"21":0,"22":0,"23":0,"24":0,"25":0,"26":0,"27":0,"28":0,"29":0,"30":0,"31":0,"32":0,"33":0,"34":0,"35":9,"36":1,"37":0,"38":1,"39":1,"40":1,"41":1,"42":1,"43":1,"44":1,"45":0,"46":1,"47":0,"48":0,"49":1,"50":9,"51":9,"52":20,"53":9,"54":4,"55":1,"56":9,"57":2,"58":9,"59":1,"60":0,"61":0,"62":0,"63":0,"64":0},"f":{"0":9,"1":20,"2":0,"3":0,"4":0,"5":1,"6":0,"7":20,"8":4,"9":2,"10":1,"11":0,"12":0,"13":0,"14":0,"15":0},"b":{"0":[0,0],"1":[0,0],"2":[0,0],"3":[0,0],"4":[0,0],"5":[0,0],"6":[0,0],"7":[0,0],"8":[0,1],"9":[1,0],"10":[0,0],"11":[1,3],"12":[1,8],"13":[9,0],"14":[9,8],"15":[6,3],"16":[9,8],"17":[1,8],"18":[9,0],"19":[1,8]},"meta":{"lastBranch":20,"lastFunction":16,"lastStatement":65,"seen":{"s:34:22:295:Infinity":0,"f:34:22:34:28":0,"s:35:8:35:Infinity":1,"s:46:2:46:Infinity":2,"f:46:18:46:19":1,"s:46:40:46:52":3,"s:48:23:48:Infinity":4,"s:49:8:49:Infinity":5,"s:50:8:50:Infinity":6,"s:52:28:82:Infinity":7,"f:52:28:52:35":2,"s:53:17:53:Infinity":8,"b:54:4:54:Infinity:undefined:undefined:undefined:undefined":0,"s:54:4:54:Infinity":9,"s:54:15:54:Infinity":10,"s:56:4:81:Infinity":11,"s:57:6:57:Infinity":12,"s:58:21:58:Infinity":13,"s:59:6:72:Infinity":14,"f:59:25:59:37":3,"s:60:29:60:Infinity":15,"s:63:28:63:Infinity":16,"b:63:28:63:58:63:58:63:Infinity":1,"s:65:23:65:Infinity":17,"b:67:8:67:Infinity:undefined:undefined:undefined:undefined":2,"s:67:8:67:Infinity":18,"s:67:35:67:Infinity":19,"b:68:8:68:Infinity:undefined:undefined:undefined:undefined":3,"s:68:8:68:Infinity":20,"s:68:34:68:Infinity":21,"b:69:8:69:Infinity:undefined:undefined:undefined:undefined":4,"s:69:8:69:Infinity":22,"s:69:50:69:Infinity":23,"b:70:8:70:Infinity:undefined:undefined:undefined:undefined":5,"s:70:8:70:Infinity":24,"s:70:38:70:Infinity":25,"b:71:8:71:Infinity:undefined:undefined:undefined:undefined":6,"s:71:8:71:Infinity":26,"s:71:43:71:Infinity":27,"f:71:89:71:90":4,"s:71:105:71:128":28,"s:73:6:73:Infinity":29,"s:75:6:75:Infinity":30,"s:76:6:76:Infinity":31,"s:78:6:78:Infinity":32,"b:80:6:80:Infinity:undefined:undefined:undefined:undefined":7,"s:80:6:80:Infinity":33,"s:80:32:80:Infinity":34,"s:84:25:121:Infinity":35,"f:84:25:84:37":5,"b:85:4:85:Infinity:undefined:undefined:undefined:undefined":8,"s:85:4:85:Infinity":36,"s:85:23:85:Infinity":37,"s:87:4:87:Infinity":38,"s:88:4:88:Infinity":39,"s:90:4:120:Infinity":40,"b:92:6:101:Infinity:undefined:undefined:undefined:undefined":9,"s:92:6:101:Infinity":41,"s:93:8:93:Infinity":42,"s:94:8:100:Infinity":43,"s:103:19:113:Infinity":44,"f:112:29:112:34":6,"s:112:34:112:40":45,"s:114:6:114:Infinity":46,"s:116:6:116:Infinity":47,"s:117:6:117:Infinity":48,"b:117:24:117:39:117:39:117:60":10,"s:119:6:119:Infinity":49,"s:123:49:123:Infinity":50,"s:126:8:126:Infinity":51,"f:126:41:126:42":7,"s:126:63:126:89":52,"s:128:2:132:Infinity":53,"f:128:18:128:24":8,"b:129:4:131:Infinity:undefined:undefined:undefined:undefined":11,"s:129:4:131:Infinity":54,"s:130:6:130:Infinity":55,"s:134:18:138:Infinity":56,"f:134:18:134:19":9,"s:135:4:138:Infinity":57,"s:141:2:293:Infinity":58,"b:158:18:161:Infinity:163:18:169:Infinity":12,"f:191:26:191:27":10,"s:191:33:191:Infinity":59,"f:203:26:203:27":11,"s:203:33:203:Infinity":60,"f:215:26:215:27":12,"s:215:33:215:Infinity":61,"b:224:46:224:65:224:65:224:Infinity":13,"f:225:26:225:27":13,"s:225:33:225:Infinity":62,"f:225:81:225:86":14,"s:225:86:225:94":63,"f:236:26:236:27":15,"s:236:33:236:Infinity":64,"b:246:22:246:35:246:35:246:Infinity":14,"b:249:18:249:Infinity:250:18:250:Infinity":15,"b:248:14:248:27:248:27:248:Infinity":16,"b:254:14:257:Infinity:259:14:259:Infinity":17,"b:263:11:263:Infinity:264:12:267:Infinity":18,"b:275:10:283:Infinity:285:10:290:Infinity":19}}}
,"D:\\Flutter Project Files\\teacher_daily_tool\\src\\components\\LessonPlanCard\\LessonPlanCard.tsx": {"path":"D:\\Flutter Project Files\\teacher_daily_tool\\src\\components\\LessonPlanCard\\LessonPlanCard.tsx","statementMap":{"0":{"start":{"line":13,"column":19},"end":{"line":18,"column":null}},"1":{"start":{"line":14,"column":2},"end":{"line":16,"column":null}},"2":{"start":{"line":15,"column":4},"end":{"line":15,"column":null}},"3":{"start":{"line":17,"column":2},"end":{"line":17,"column":null}},"4":{"start":{"line":20,"column":61},"end":{"line":186,"column":null}},"5":{"start":{"line":22,"column":8},"end":{"line":22,"column":null}},"6":{"start":{"line":24,"column":22},"end":{"line":98,"column":null}},"7":{"start":{"line":25,"column":4},"end":{"line":98,"column":null}},"8":{"start":{"line":80,"column":12},"end":{"line":94,"column":null}},"9":{"start":{"line":101,"column":21},"end":{"line":152,"column":null}},"10":{"start":{"line":102,"column":4},"end":{"line":152,"column":null}},"11":{"start":{"line":104,"column":8},"end":{"line":150,"column":null}},"12":{"start":{"line":155,"column":2},"end":{"line":184,"column":null}}},"fnMap":{"0":{"name":"(anonymous_0)","decl":{"start":{"line":13,"column":19},"end":{"line":13,"column":20}},"loc":{"start":{"line":13,"column":46},"end":{"line":18,"column":null}},"line":13},"1":{"name":"(anonymous_1)","decl":{"start":{"line":20,"column":61},"end":{"line":20,"column":62}},"loc":{"start":{"line":20,"column":102},"end":{"line":186,"column":null}},"line":20},"2":{"name":"(anonymous_2)","decl":{"start":{"line":24,"column":22},"end":{"line":24,"column":null}},"loc":{"start":{"line":25,"column":4},"end":{"line":98,"column":null}},"line":25},"3":{"name":"(anonymous_3)","decl":{"start":{"line":79,"column":35},"end":{"line":79,"column":36}},"loc":{"start":{"line":80,"column":12},"end":{"line":94,"column":null}},"line":80},"4":{"name":"(anonymous_4)","decl":{"start":{"line":101,"column":21},"end":{"line":101,"column":null}},"loc":{"start":{"line":102,"column":4},"end":{"line":152,"column":null}},"line":102},"5":{"name":"(anonymous_5)","decl":{"start":{"line":103,"column":31},"end":{"line":103,"column":32}},"loc":{"start":{"line":104,"column":8},"end":{"line":150,"column":null}},"line":104}},"branchMap":{"0":{"loc":{"start":{"line":14,"column":2},"end":{"line":16,"column":null}},"type":"if","locations":[{"start":{"line":14,"column":2},"end":{"line":16,"column":null}},{"start":{},"end":{}}],"line":14},"1":{"loc":{"start":{"line":17,"column":9},"end":{"line":17,"column":null}},"type":"cond-expr","locations":[{"start":{"line":17,"column":36},"end":{"line":17,"column":43}},{"start":{"line":17,"column":43},"end":{"line":17,"column":null}}],"line":17},"2":{"loc":{"start":{"line":20,"column":81},"end":{"line":20,"column":96}},"type":"default-arg","locations":[{"start":{"line":20,"column":88},"end":{"line":20,"column":96}}],"line":20},"3":{"loc":{"start":{"line":49,"column":90},"end":{"line":49,"column":145}},"type":"binary-expr","locations":[{"start":{"line":49,"column":90},"end":{"line":49,"column":142}},{"start":{"line":49,"column":142},"end":{"line":49,"column":145}}],"line":49},"4":{"loc":{"start":{"line":55,"column":91},"end":{"line":55,"column":140}},"type":"binary-expr","locations":[{"start":{"line":55,"column":91},"end":{"line":55,"column":137}},{"start":{"line":55,"column":137},"end":{"line":55,"column":140}}],"line":55},"5":{"loc":{"start":{"line":61,"column":90},"end":{"line":61,"column":142}},"type":"binary-expr","locations":[{"start":{"line":61,"column":90},"end":{"line":61,"column":139}},{"start":{"line":61,"column":139},"end":{"line":61,"column":142}}],"line":61},"6":{"loc":{"start":{"line":106,"column":11},"end":{"line":107,"column":null}},"type":"binary-expr","locations":[{"start":{"line":106,"column":11},"end":{"line":106,"column":null}},{"start":{"line":107,"column":12},"end":{"line":107,"column":null}}],"line":106},"7":{"loc":{"start":{"line":143,"column":13},"end":{"line":147,"column":null}},"type":"binary-expr","locations":[{"start":{"line":143,"column":13},"end":{"line":143,"column":null}},{"start":{"line":144,"column":14},"end":{"line":147,"column":null}}],"line":143},"8":{"loc":{"start":{"line":157,"column":13},"end":{"line":157,"column":null}},"type":"cond-expr","locations":[{"start":{"line":157,"column":32},"end":{"line":157,"column":37}},{"start":{"line":157,"column":37},"end":{"line":157,"column":null}}],"line":157},"9":{"loc":{"start":{"line":159,"column":20},"end":{"line":159,"column":null}},"type":"cond-expr","locations":[{"start":{"line":159,"column":39},"end":{"line":159,"column":51}},{"start":{"line":159,"column":51},"end":{"line":159,"column":null}}],"line":159},"10":{"loc":{"start":{"line":164,"column":7},"end":{"line":164,"column":null}},"type":"cond-expr","locations":[{"start":{"line":164,"column":26},"end":{"line":164,"column":42}},{"start":{"line":164,"column":42},"end":{"line":164,"column":null}}],"line":164},"11":{"loc":{"start":{"line":167,"column":7},"end":{"line":182,"column":null}},"type":"binary-expr","locations":[{"start":{"line":167,"column":7},"end":{"line":167,"column":null}},{"start":{"line":168,"column":8},"end":{"line":182,"column":null}}],"line":167},"12":{"loc":{"start":{"line":179,"column":60},"end":{"line":179,"column":109}},"type":"binary-expr","locations":[{"start":{"line":179,"column":60},"end":{"line":179,"column":106}},{"start":{"line":179,"column":106},"end":{"line":179,"column":109}}],"line":179}},"s":{"0":3,"1":5,"2":5,"3":0,"4":3,"5":3,"6":3,"7":2,"8":2,"9":3,"10":1,"11":1,"12":3},"f":{"0":5,"1":3,"2":2,"3":2,"4":1,"5":1},"b":{"0":[5,0],"1":[0,0],"2":[3],"3":[2,0],"4":[2,0],"5":[2,0],"6":[1,0],"7":[1,1],"8":[2,1],"9":[2,1],"10":[2,1],"11":[3,1],"12":[1,0]},"meta":{"lastBranch":13,"lastFunction":6,"lastStatement":13,"seen":{"s:13:19:18:Infinity":0,"f:13:19:13:20":0,"b:14:2:16:Infinity:undefined:undefined:undefined:undefined":0,"s:14:2:16:Infinity":1,"s:15:4:15:Infinity":2,"s:17:2:17:Infinity":3,"b:17:36:17:43:17:43:17:Infinity":1,"s:20:61:186:Infinity":4,"f:20:61:20:62":1,"b:20:88:20:96":2,"s:22:8:22:Infinity":5,"s:24:22:98:Infinity":6,"f:24:22:24:Infinity":2,"s:25:4:98:Infinity":7,"b:49:90:49:142:49:142:49:145":3,"b:55:91:55:137:55:137:55:140":4,"b:61:90:61:139:61:139:61:142":5,"f:79:35:79:36":3,"s:80:12:94:Infinity":8,"s:101:21:152:Infinity":9,"f:101:21:101:Infinity":4,"s:102:4:152:Infinity":10,"f:103:31:103:32":5,"s:104:8:150:Infinity":11,"b:106:11:106:Infinity:107:12:107:Infinity":6,"b:143:13:143:Infinity:144:14:147:Infinity":7,"s:155:2:184:Infinity":12,"b:157:32:157:37:157:37:157:Infinity":8,"b:159:39:159:51:159:51:159:Infinity":9,"b:164:26:164:42:164:42:164:Infinity":10,"b:167:7:167:Infinity:168:8:182:Infinity":11,"b:179:60:179:106:179:106:179:109":12}}}
,"D:\\Flutter Project Files\\teacher_daily_tool\\src\\components\\business\\LessonPlanCard.tsx": {"path":"D:\\Flutter Project Files\\teacher_daily_tool\\src\\components\\business\\LessonPlanCard.tsx","statementMap":{"0":{"start":{"line":13,"column":61},"end":{"line":176,"column":null}},"1":{"start":{"line":15,"column":8},"end":{"line":15,"column":null}},"2":{"start":{"line":17,"column":22},"end":{"line":77,"column":null}},"3":{"start":{"line":18,"column":4},"end":{"line":77,"column":null}},"4":{"start":{"line":35,"column":12},"end":{"line":73,"column":null}},"5":{"start":{"line":80,"column":21},"end":{"line":129,"column":null}},"6":{"start":{"line":81,"column":4},"end":{"line":129,"column":null}},"7":{"start":{"line":83,"column":8},"end":{"line":127,"column":null}},"8":{"start":{"line":133,"column":33},"end":{"line":141,"column":null}},"9":{"start":{"line":134,"column":21},"end":{"line":134,"column":null}},"10":{"start":{"line":135,"column":4},"end":{"line":135,"column":null}},"11":{"start":{"line":135,"column":19},"end":{"line":135,"column":null}},"12":{"start":{"line":137,"column":4},"end":{"line":140,"column":null}},"13":{"start":{"line":138,"column":20},"end":{"line":138,"column":null}},"14":{"start":{"line":139,"column":6},"end":{"line":139,"column":null}},"15":{"start":{"line":143,"column":2},"end":{"line":174,"column":null}}},"fnMap":{"0":{"name":"(anonymous_0)","decl":{"start":{"line":13,"column":61},"end":{"line":13,"column":62}},"loc":{"start":{"line":13,"column":102},"end":{"line":176,"column":null}},"line":13},"1":{"name":"(anonymous_1)","decl":{"start":{"line":17,"column":22},"end":{"line":17,"column":null}},"loc":{"start":{"line":18,"column":4},"end":{"line":77,"column":null}},"line":18},"2":{"name":"(anonymous_2)","decl":{"start":{"line":34,"column":35},"end":{"line":34,"column":36}},"loc":{"start":{"line":35,"column":12},"end":{"line":73,"column":null}},"line":35},"3":{"name":"(anonymous_3)","decl":{"start":{"line":80,"column":21},"end":{"line":80,"column":null}},"loc":{"start":{"line":81,"column":4},"end":{"line":129,"column":null}},"line":81},"4":{"name":"(anonymous_4)","decl":{"start":{"line":82,"column":31},"end":{"line":82,"column":32}},"loc":{"start":{"line":83,"column":8},"end":{"line":127,"column":null}},"line":83},"5":{"name":"(anonymous_5)","decl":{"start":{"line":133,"column":33},"end":{"line":133,"column":39}},"loc":{"start":{"line":133,"column":39},"end":{"line":141,"column":null}},"line":133},"6":{"name":"(anonymous_6)","decl":{"start":{"line":137,"column":24},"end":{"line":137,"column":29}},"loc":{"start":{"line":137,"column":29},"end":{"line":140,"column":5}},"line":137}},"branchMap":{"0":{"loc":{"start":{"line":13,"column":81},"end":{"line":13,"column":96}},"type":"default-arg","locations":[{"start":{"line":13,"column":88},"end":{"line":13,"column":96}}],"line":13},"1":{"loc":{"start":{"line":85,"column":11},"end":{"line":86,"column":null}},"type":"binary-expr","locations":[{"start":{"line":85,"column":11},"end":{"line":85,"column":null}},{"start":{"line":86,"column":12},"end":{"line":86,"column":null}}],"line":85},"2":{"loc":{"start":{"line":135,"column":4},"end":{"line":135,"column":null}},"type":"if","locations":[{"start":{"line":135,"column":4},"end":{"line":135,"column":null}},{"start":{},"end":{}}],"line":135},"3":{"loc":{"start":{"line":135,"column":26},"end":{"line":135,"column":null}},"type":"binary-expr","locations":[{"start":{"line":135,"column":26},"end":{"line":135,"column":71}},{"start":{"line":135,"column":71},"end":{"line":135,"column":null}}],"line":135},"4":{"loc":{"start":{"line":152,"column":7},"end":{"line":152,"column":null}},"type":"cond-expr","locations":[{"start":{"line":152,"column":26},"end":{"line":152,"column":42}},{"start":{"line":152,"column":42},"end":{"line":152,"column":null}}],"line":152},"5":{"loc":{"start":{"line":163,"column":16},"end":{"line":163,"column":60}},"type":"binary-expr","locations":[{"start":{"line":163,"column":16},"end":{"line":163,"column":56}},{"start":{"line":163,"column":56},"end":{"line":163,"column":60}}],"line":163}},"s":{"0":1,"1":3,"2":3,"3":2,"4":2,"5":3,"6":1,"7":1,"8":3,"9":3,"10":3,"11":2,"12":1,"13":1,"14":1,"15":3},"f":{"0":3,"1":2,"2":2,"3":1,"4":1,"5":3,"6":1},"b":{"0":[3],"1":[1,0],"2":[2,1],"3":[2,0],"4":[2,1],"5":[3,0]},"meta":{"lastBranch":6,"lastFunction":7,"lastStatement":16,"seen":{"s:13:61:176:Infinity":0,"f:13:61:13:62":0,"b:13:88:13:96":0,"s:15:8:15:Infinity":1,"s:17:22:77:Infinity":2,"f:17:22:17:Infinity":1,"s:18:4:77:Infinity":3,"f:34:35:34:36":2,"s:35:12:73:Infinity":4,"s:80:21:129:Infinity":5,"f:80:21:80:Infinity":3,"s:81:4:129:Infinity":6,"f:82:31:82:32":4,"s:83:8:127:Infinity":7,"b:85:11:85:Infinity:86:12:86:Infinity":1,"s:133:33:141:Infinity":8,"f:133:33:133:39":5,"s:134:21:134:Infinity":9,"b:135:4:135:Infinity:undefined:undefined:undefined:undefined":2,"s:135:4:135:Infinity":10,"s:135:19:135:Infinity":11,"b:135:26:135:71:135:71:135:Infinity":3,"s:137:4:140:Infinity":12,"f:137:24:137:29":6,"s:138:20:138:Infinity":13,"s:139:6:139:Infinity":14,"s:143:2:174:Infinity":15,"b:152:26:152:42:152:42:152:Infinity":4,"b:163:16:163:56:163:56:163:60":5}}}
,"D:\\Flutter Project Files\\teacher_daily_tool\\src\\components\\core\\Badge.tsx": {"path":"D:\\Flutter Project Files\\teacher_daily_tool\\src\\components\\core\\Badge.tsx","statementMap":{"0":{"start":{"line":11,"column":43},"end":{"line":26,"column":null}},"1":{"start":{"line":12,"column":8},"end":{"line":12,"column":null}},"2":{"start":{"line":14,"column":37},"end":{"line":23,"column":null}},"3":{"start":{"line":25,"column":2},"end":{"line":25,"column":null}}},"fnMap":{"0":{"name":"(anonymous_0)","decl":{"start":{"line":11,"column":43},"end":{"line":11,"column":44}},"loc":{"start":{"line":11,"column":65},"end":{"line":26,"column":null}},"line":11}},"branchMap":{},"s":{"0":4,"1":6,"2":6,"3":6},"f":{"0":6},"b":{},"meta":{"lastBranch":0,"lastFunction":1,"lastStatement":4,"seen":{"s:11:43:26:Infinity":0,"f:11:43:11:44":0,"s:12:8:12:Infinity":1,"s:14:37:23:Infinity":2,"s:25:2:25:Infinity":3}}}
,"D:\\Flutter Project Files\\teacher_daily_tool\\src\\components\\core\\BaseCard.module.css": {"path":"D:\\Flutter Project Files\\teacher_daily_tool\\src\\components\\core\\BaseCard.module.css","statementMap":{},"fnMap":{},"branchMap":{},"s":{},"f":{},"b":{},"meta":{"lastBranch":0,"lastFunction":0,"lastStatement":0,"seen":{}}}
,"D:\\Flutter Project Files\\teacher_daily_tool\\src\\components\\core\\BaseCard.tsx": {"path":"D:\\Flutter Project Files\\teacher_daily_tool\\src\\components\\core\\BaseCard.tsx","statementMap":{"0":{"start":{"line":14,"column":49},"end":{"line":82,"column":null}},"1":{"start":{"line":25,"column":8},"end":{"line":25,"column":null}},"2":{"start":{"line":28,"column":26},"end":{"line":30,"column":null}},"3":{"start":{"line":32,"column":2},"end":{"line":80,"column":null}}},"fnMap":{"0":{"name":"(anonymous_0)","decl":{"start":{"line":14,"column":49},"end":{"line":14,"column":50}},"loc":{"start":{"line":24,"column":6},"end":{"line":82,"column":null}},"line":24}},"branchMap":{"0":{"loc":{"start":{"line":15,"column":2},"end":{"line":15,"column":null}},"type":"default-arg","locations":[{"start":{"line":15,"column":10},"end":{"line":15,"column":null}}],"line":15},"1":{"loc":{"start":{"line":21,"column":2},"end":{"line":21,"column":null}},"type":"default-arg","locations":[{"start":{"line":21,"column":14},"end":{"line":21,"column":null}}],"line":21},"2":{"loc":{"start":{"line":23,"column":2},"end":{"line":23,"column":null}},"type":"default-arg","locations":[{"start":{"line":23,"column":18},"end":{"line":23,"column":null}}],"line":23},"3":{"loc":{"start":{"line":28,"column":26},"end":{"line":30,"column":null}},"type":"cond-expr","locations":[{"start":{"line":29,"column":6},"end":{"line":29,"column":null}},{"start":{"line":30,"column":6},"end":{"line":30,"column":null}}],"line":28},"4":{"loc":{"start":{"line":55,"column":7},"end":{"line":58,"column":null}},"type":"binary-expr","locations":[{"start":{"line":55,"column":7},"end":{"line":55,"column":null}},{"start":{"line":56,"column":8},"end":{"line":58,"column":null}}],"line":55},"5":{"loc":{"start":{"line":77,"column":11},"end":{"line":77,"column":null}},"type":"binary-expr","locations":[{"start":{"line":77,"column":11},"end":{"line":77,"column":27}},{"start":{"line":77,"column":27},"end":{"line":77,"column":null}}],"line":77}},"s":{"0":4,"1":6,"2":6,"3":6},"f":{"0":6},"b":{"0":[6],"1":[6],"2":[6],"3":[6,0],"4":[6,6],"5":[6,2]},"meta":{"lastBranch":6,"lastFunction":1,"lastStatement":4,"seen":{"s:14:49:82:Infinity":0,"f:14:49:14:50":0,"b:15:10:15:Infinity":0,"b:21:14:21:Infinity":1,"b:23:18:23:Infinity":2,"s:25:8:25:Infinity":1,"s:28:26:30:Infinity":2,"b:29:6:29:Infinity:30:6:30:Infinity":3,"s:32:2:80:Infinity":3,"b:55:7:55:Infinity:56:8:58:Infinity":4,"b:77:11:77:27:77:27:77:Infinity":5}}}
,"D:\\Flutter Project Files\\teacher_daily_tool\\src\\constants\\locales.ts": {"path":"D:\\Flutter Project Files\\teacher_daily_tool\\src\\constants\\locales.ts","statementMap":{"0":{"start":{"line":5,"column":23},"end":{"line":87,"column":null}}},"fnMap":{},"branchMap":{},"s":{"0":4},"f":{},"b":{},"meta":{"lastBranch":0,"lastFunction":0,"lastStatement":1,"seen":{"s:5:23:87:Infinity":0}}}
,"D:\\Flutter Project Files\\teacher_daily_tool\\src\\hooks\\useLocale.ts": {"path":"D:\\Flutter Project Files\\teacher_daily_tool\\src\\hooks\\useLocale.ts","statementMap":{"0":{"start":{"line":9,"column":25},"end":{"line":12,"column":null}},"1":{"start":{"line":11,"column":2},"end":{"line":11,"column":null}}},"fnMap":{"0":{"name":"(anonymous_0)","decl":{"start":{"line":9,"column":25},"end":{"line":9,"column":31}},"loc":{"start":{"line":9,"column":31},"end":{"line":12,"column":null}},"line":9}},"branchMap":{},"s":{"0":2,"1":9},"f":{"0":9},"b":{},"meta":{"lastBranch":0,"lastFunction":1,"lastStatement":2,"seen":{"s:9:25:12:Infinity":0,"f:9:25:9:31":0,"s:11:2:11:Infinity":1}}}
,"D:\\Flutter Project Files\\teacher_daily_tool\\src\\mocks\\geminiMock.json": {"path":"D:\\Flutter Project Files\\teacher_daily_tool\\src\\mocks\\geminiMock.json","statementMap":{},"fnMap":{},"branchMap":{},"s":{},"f":{},"b":{},"meta":{"lastBranch":0,"lastFunction":0,"lastStatement":0,"seen":{}}}
,"D:\\Flutter Project Files\\teacher_daily_tool\\src\\mocks\\imageAnalysisMock.json": {"path":"D:\\Flutter Project Files\\teacher_daily_tool\\src\\mocks\\imageAnalysisMock.json","statementMap":{},"fnMap":{},"branchMap":{},"s":{},"f":{},"b":{},"meta":{"lastBranch":0,"lastFunction":0,"lastStatement":0,"seen":{}}}
,"D:\\Flutter Project Files\\teacher_daily_tool\\src\\services\\geminiService.ts": {"path":"D:\\Flutter Project Files\\teacher_daily_tool\\src\\services\\geminiService.ts","statementMap":{"0":{"start":{"line":47,"column":34},"end":{"line":59,"column":null}},"1":{"start":{"line":61,"column":28},"end":{"line":67,"column":null}},"2":{"start":{"line":69,"column":25},"end":{"line":75,"column":null}},"3":{"start":{"line":102,"column":4},"end":{"line":102,"column":null}},"4":{"start":{"line":105,"column":23},"end":{"line":105,"column":null}},"5":{"start":{"line":106,"column":4},"end":{"line":106,"column":null}},"6":{"start":{"line":109,"column":4},"end":{"line":111,"column":null}},"7":{"start":{"line":110,"column":7},"end":{"line":110,"column":null}},"8":{"start":{"line":115,"column":4},"end":{"line":115,"column":null}},"9":{"start":{"line":117,"column":4},"end":{"line":117,"column":null}},"10":{"start":{"line":121,"column":4},"end":{"line":123,"column":null}},"11":{"start":{"line":122,"column":6},"end":{"line":122,"column":null}},"12":{"start":{"line":127,"column":4},"end":{"line":127,"column":null}},"13":{"start":{"line":127,"column":34},"end":{"line":127,"column":57}},"14":{"start":{"line":131,"column":4},"end":{"line":164,"column":null}},"15":{"start":{"line":133,"column":28},"end":{"line":133,"column":null}},"16":{"start":{"line":134,"column":6},"end":{"line":134,"column":null}},"17":{"start":{"line":136,"column":6},"end":{"line":136,"column":null}},"18":{"start":{"line":139,"column":6},"end":{"line":149,"column":null}},"19":{"start":{"line":140,"column":8},"end":{"line":148,"column":null}},"20":{"start":{"line":152,"column":6},"end":{"line":160,"column":null}},"21":{"start":{"line":153,"column":8},"end":{"line":159,"column":null}},"22":{"start":{"line":153,"column":61},"end":{"line":159,"column":10}},"23":{"start":{"line":163,"column":6},"end":{"line":163,"column":null}},"24":{"start":{"line":169,"column":19},"end":{"line":173,"column":null}},"25":{"start":{"line":177,"column":4},"end":{"line":245,"column":null}},"26":{"start":{"line":178,"column":6},"end":{"line":244,"column":null}},"27":{"start":{"line":179,"column":26},"end":{"line":179,"column":null}},"28":{"start":{"line":180,"column":8},"end":{"line":182,"column":null}},"29":{"start":{"line":181,"column":10},"end":{"line":181,"column":null}},"30":{"start":{"line":184,"column":27},"end":{"line":184,"column":null}},"31":{"start":{"line":185,"column":26},"end":{"line":185,"column":null}},"32":{"start":{"line":185,"column":43},"end":{"line":185,"column":63}},"33":{"start":{"line":187,"column":25},"end":{"line":201,"column":null}},"34":{"start":{"line":203,"column":8},"end":{"line":203,"column":null}},"35":{"start":{"line":204,"column":24},"end":{"line":204,"column":null}},"36":{"start":{"line":205,"column":25},"end":{"line":205,"column":null}},"37":{"start":{"line":207,"column":8},"end":{"line":212,"column":null}},"38":{"start":{"line":208,"column":29},"end":{"line":208,"column":null}},"39":{"start":{"line":208,"column":64},"end":{"line":208,"column":67}},"40":{"start":{"line":209,"column":11},"end":{"line":209,"column":null}},"41":{"start":{"line":210,"column":11},"end":{"line":210,"column":null}},"42":{"start":{"line":211,"column":11},"end":{"line":211,"column":null}},"43":{"start":{"line":214,"column":8},"end":{"line":216,"column":null}},"44":{"start":{"line":215,"column":10},"end":{"line":215,"column":null}},"45":{"start":{"line":218,"column":21},"end":{"line":218,"column":null}},"46":{"start":{"line":221,"column":8},"end":{"line":236,"column":null}},"47":{"start":{"line":222,"column":31},"end":{"line":222,"column":null}},"48":{"start":{"line":229,"column":37},"end":{"line":229,"column":null}},"49":{"start":{"line":230,"column":11},"end":{"line":232,"column":null}},"50":{"start":{"line":231,"column":13},"end":{"line":231,"column":null}},"51":{"start":{"line":233,"column":11},"end":{"line":235,"column":null}},"52":{"start":{"line":234,"column":13},"end":{"line":234,"column":null}},"53":{"start":{"line":238,"column":8},"end":{"line":238,"column":null}},"54":{"start":{"line":241,"column":8},"end":{"line":241,"column":null}},"55":{"start":{"line":242,"column":8},"end":{"line":242,"column":null}},"56":{"start":{"line":247,"column":4},"end":{"line":247,"column":null}},"57":{"start":{"line":251,"column":4},"end":{"line":265,"column":null}},"58":{"start":{"line":270,"column":4},"end":{"line":294,"column":null}},"59":{"start":{"line":271,"column":6},"end":{"line":271,"column":null}},"60":{"start":{"line":278,"column":23},"end":{"line":280,"column":null}},"61":{"start":{"line":279,"column":10},"end":{"line":279,"column":null}},"62":{"start":{"line":282,"column":6},"end":{"line":293,"column":null}},"63":{"start":{"line":283,"column":8},"end":{"line":283,"column":null}},"64":{"start":{"line":287,"column":29},"end":{"line":287,"column":null}},"65":{"start":{"line":288,"column":8},"end":{"line":292,"column":null}},"66":{"start":{"line":289,"column":11},"end":{"line":289,"column":null}},"67":{"start":{"line":291,"column":13},"end":{"line":291,"column":null}},"68":{"start":{"line":298,"column":4},"end":{"line":302,"column":null}},"69":{"start":{"line":299,"column":6},"end":{"line":299,"column":null}},"70":{"start":{"line":300,"column":20},"end":{"line":300,"column":null}},"71":{"start":{"line":301,"column":6},"end":{"line":301,"column":null}},"72":{"start":{"line":304,"column":4},"end":{"line":372,"column":null}},"73":{"start":{"line":305,"column":21},"end":{"line":314,"column":null}},"74":{"start":{"line":316,"column":23},"end":{"line":318,"column":null}},"75":{"start":{"line":320,"column":19},"end":{"line":320,"column":null}},"76":{"start":{"line":322,"column":22},"end":{"line":322,"column":null}},"77":{"start":{"line":324,"column":6},"end":{"line":326,"column":null}},"78":{"start":{"line":325,"column":9},"end":{"line":325,"column":null}},"79":{"start":{"line":331,"column":23},"end":{"line":331,"column":null}},"80":{"start":{"line":332,"column":21},"end":{"line":332,"column":null}},"81":{"start":{"line":334,"column":6},"end":{"line":337,"column":null}},"82":{"start":{"line":335,"column":8},"end":{"line":335,"column":null}},"83":{"start":{"line":336,"column":8},"end":{"line":336,"column":null}},"84":{"start":{"line":340,"column":20},"end":{"line":340,"column":null}},"85":{"start":{"line":343,"column":6},"end":{"line":367,"column":null}},"86":{"start":{"line":345,"column":27},"end":{"line":345,"column":null}},"87":{"start":{"line":346,"column":8},"end":{"line":346,"column":null}},"88":{"start":{"line":349,"column":8},"end":{"line":349,"column":null}},"89":{"start":{"line":351,"column":8},"end":{"line":366,"column":null}},"90":{"start":{"line":353,"column":29},"end":{"line":353,"column":null}},"91":{"start":{"line":354,"column":10},"end":{"line":354,"column":null}},"92":{"start":{"line":357,"column":10},"end":{"line":364,"column":null}},"93":{"start":{"line":365,"column":10},"end":{"line":365,"column":null}},"94":{"start":{"line":370,"column":6},"end":{"line":370,"column":null}},"95":{"start":{"line":371,"column":6},"end":{"line":371,"column":null}},"96":{"start":{"line":376,"column":4},"end":{"line":386,"column":null}},"97":{"start":{"line":377,"column":6},"end":{"line":377,"column":null}},"98":{"start":{"line":378,"column":19},"end":{"line":378,"column":null}},"99":{"start":{"line":379,"column":6},"end":{"line":385,"column":null}},"100":{"start":{"line":388,"column":4},"end":{"line":455,"column":null}},"101":{"start":{"line":396,"column":23},"end":{"line":409,"column":null}},"102":{"start":{"line":420,"column":23},"end":{"line":431,"column":null}},"103":{"start":{"line":433,"column":6},"end":{"line":435,"column":null}},"104":{"start":{"line":434,"column":9},"end":{"line":434,"column":null}},"105":{"start":{"line":437,"column":19},"end":{"line":437,"column":null}},"106":{"start":{"line":438,"column":19},"end":{"line":438,"column":null}},"107":{"start":{"line":440,"column":6},"end":{"line":440,"column":null}},"108":{"start":{"line":440,"column":17},"end":{"line":440,"column":null}},"109":{"start":{"line":442,"column":24},"end":{"line":442,"column":null}},"110":{"start":{"line":443,"column":21},"end":{"line":443,"column":null}},"111":{"start":{"line":445,"column":6},"end":{"line":451,"column":null}},"112":{"start":{"line":453,"column":6},"end":{"line":453,"column":null}},"113":{"start":{"line":454,"column":6},"end":{"line":454,"column":null}},"114":{"start":{"line":459,"column":29},"end":{"line":459,"column":null}}},"fnMap":{"0":{"name":"(anonymous_0)","decl":{"start":{"line":101,"column":2},"end":{"line":101,"column":14}},"loc":{"start":{"line":101,"column":37},"end":{"line":118,"column":null}},"line":101},"1":{"name":"(anonymous_1)","decl":{"start":{"line":120,"column":10},"end":{"line":120,"column":23}},"loc":{"start":{"line":120,"column":78},"end":{"line":124,"column":null}},"line":120},"2":{"name":"(anonymous_2)","decl":{"start":{"line":121,"column":49},"end":{"line":121,"column":50}},"loc":{"start":{"line":121,"column":61},"end":{"line":123,"column":5}},"line":121},"3":{"name":"(anonymous_3)","decl":{"start":{"line":126,"column":16},"end":{"line":126,"column":22}},"loc":{"start":{"line":126,"column":49},"end":{"line":128,"column":null}},"line":126},"4":{"name":"(anonymous_4)","decl":{"start":{"line":127,"column":23},"end":{"line":127,"column":34}},"loc":{"start":{"line":127,"column":34},"end":{"line":127,"column":57}},"line":127},"5":{"name":"(anonymous_5)","decl":{"start":{"line":130,"column":10},"end":{"line":130,"column":29}},"loc":{"start":{"line":130,"column":52},"end":{"line":165,"column":null}},"line":130},"6":{"name":"(anonymous_6)","decl":{"start":{"line":153,"column":46},"end":{"line":153,"column":47}},"loc":{"start":{"line":153,"column":61},"end":{"line":159,"column":10}},"line":153},"7":{"name":"(anonymous_7)","decl":{"start":{"line":168,"column":16},"end":{"line":168,"column":31}},"loc":{"start":{"line":168,"column":116},"end":{"line":248,"column":null}},"line":168},"8":{"name":"(anonymous_8)","decl":{"start":{"line":185,"column":37},"end":{"line":185,"column":43}},"loc":{"start":{"line":185,"column":43},"end":{"line":185,"column":63}},"line":185},"9":{"name":"(anonymous_9)","decl":{"start":{"line":208,"column":57},"end":{"line":208,"column":64}},"loc":{"start":{"line":208,"column":64},"end":{"line":208,"column":67}},"line":208},"10":{"name":"(anonymous_10)","decl":{"start":{"line":250,"column":10},"end":{"line":250,"column":29}},"loc":{"start":{"line":250,"column":50},"end":{"line":266,"column":null}},"line":250},"11":{"name":"(anonymous_11)","decl":{"start":{"line":269,"column":10},"end":{"line":269,"column":24}},"loc":{"start":{"line":269,"column":46},"end":{"line":295,"column":null}},"line":269},"12":{"name":"(anonymous_12)","decl":{"start":{"line":278,"column":61},"end":{"line":278,"column":62}},"loc":{"start":{"line":278,"column":72},"end":{"line":280,"column":7}},"line":278},"13":{"name":"(anonymous_13)","decl":{"start":{"line":297,"column":8},"end":{"line":297,"column":27}},"loc":{"start":{"line":297,"column":76},"end":{"line":373,"column":null}},"line":297},"14":{"name":"(anonymous_14)","decl":{"start":{"line":375,"column":8},"end":{"line":375,"column":21}},"loc":{"start":{"line":375,"column":72},"end":{"line":456,"column":null}},"line":375}},"branchMap":{"0":{"loc":{"start":{"line":102,"column":18},"end":{"line":102,"column":null}},"type":"binary-expr","locations":[{"start":{"line":102,"column":18},"end":{"line":102,"column":36}},{"start":{"line":102,"column":36},"end":{"line":102,"column":68}},{"start":{"line":102,"column":68},"end":{"line":102,"column":null}}],"line":102},"1":{"loc":{"start":{"line":105,"column":23},"end":{"line":105,"column":null}},"type":"binary-expr","locations":[{"start":{"line":105,"column":23},"end":{"line":105,"column":42}},{"start":{"line":105,"column":42},"end":{"line":105,"column":79}},{"start":{"line":105,"column":79},"end":{"line":105,"column":null}}],"line":105},"2":{"loc":{"start":{"line":109,"column":4},"end":{"line":111,"column":null}},"type":"if","locations":[{"start":{"line":109,"column":4},"end":{"line":111,"column":null}},{"start":{},"end":{}}],"line":109},"3":{"loc":{"start":{"line":115,"column":17},"end":{"line":115,"column":null}},"type":"binary-expr","locations":[{"start":{"line":115,"column":17},"end":{"line":115,"column":51}},{"start":{"line":115,"column":51},"end":{"line":115,"column":null}}],"line":115},"4":{"loc":{"start":{"line":117,"column":19},"end":{"line":117,"column":null}},"type":"binary-expr","locations":[{"start":{"line":117,"column":19},"end":{"line":117,"column":39}},{"start":{"line":117,"column":39},"end":{"line":117,"column":null}}],"line":117},"5":{"loc":{"start":{"line":122,"column":13},"end":{"line":122,"column":null}},"type":"cond-expr","locations":[{"start":{"line":122,"column":41},"end":{"line":122,"column":63}},{"start":{"line":122,"column":63},"end":{"line":122,"column":null}}],"line":122},"6":{"loc":{"start":{"line":139,"column":6},"end":{"line":149,"column":null}},"type":"if","locations":[{"start":{"line":139,"column":6},"end":{"line":149,"column":null}},{"start":{},"end":{}}],"line":139},"7":{"loc":{"start":{"line":141,"column":22},"end":{"line":141,"column":null}},"type":"cond-expr","locations":[{"start":{"line":141,"column":64},"end":{"line":141,"column":91}},{"start":{"line":141,"column":91},"end":{"line":141,"column":null}}],"line":141},"8":{"loc":{"start":{"line":142,"column":20},"end":{"line":142,"column":null}},"type":"cond-expr","locations":[{"start":{"line":142,"column":53},"end":{"line":142,"column":71}},{"start":{"line":142,"column":71},"end":{"line":142,"column":null}}],"line":142},"9":{"loc":{"start":{"line":144,"column":24},"end":{"line":144,"column":null}},"type":"cond-expr","locations":[{"start":{"line":144,"column":65},"end":{"line":144,"column":87}},{"start":{"line":144,"column":87},"end":{"line":144,"column":null}}],"line":144},"10":{"loc":{"start":{"line":144,"column":87},"end":{"line":144,"column":null}},"type":"cond-expr","locations":[{"start":{"line":144,"column":123},"end":{"line":144,"column":155}},{"start":{"line":144,"column":155},"end":{"line":144,"column":null}}],"line":144},"11":{"loc":{"start":{"line":145,"column":27},"end":{"line":145,"column":null}},"type":"binary-expr","locations":[{"start":{"line":145,"column":27},"end":{"line":145,"column":57}},{"start":{"line":145,"column":57},"end":{"line":145,"column":71}},{"start":{"line":145,"column":71},"end":{"line":145,"column":null}}],"line":145},"12":{"loc":{"start":{"line":146,"column":30},"end":{"line":146,"column":null}},"type":"binary-expr","locations":[{"start":{"line":146,"column":30},"end":{"line":146,"column":58}},{"start":{"line":146,"column":58},"end":{"line":146,"column":null}}],"line":146},"13":{"loc":{"start":{"line":147,"column":28},"end":{"line":147,"column":null}},"type":"cond-expr","locations":[{"start":{"line":147,"column":68},"end":{"line":147,"column":93}},{"start":{"line":147,"column":93},"end":{"line":147,"column":null}}],"line":147},"14":{"loc":{"start":{"line":152,"column":6},"end":{"line":160,"column":null}},"type":"if","locations":[{"start":{"line":152,"column":6},"end":{"line":160,"column":null}},{"start":{},"end":{}}],"line":152},"15":{"loc":{"start":{"line":152,"column":10},"end":{"line":152,"column":77}},"type":"binary-expr","locations":[{"start":{"line":152,"column":10},"end":{"line":152,"column":45}},{"start":{"line":152,"column":45},"end":{"line":152,"column":77}}],"line":152},"16":{"loc":{"start":{"line":154,"column":16},"end":{"line":154,"column":null}},"type":"binary-expr","locations":[{"start":{"line":154,"column":16},"end":{"line":154,"column":34}},{"start":{"line":154,"column":34},"end":{"line":154,"column":46}},{"start":{"line":154,"column":46},"end":{"line":154,"column":null}}],"line":154},"17":{"loc":{"start":{"line":155,"column":24},"end":{"line":155,"column":null}},"type":"binary-expr","locations":[{"start":{"line":155,"column":24},"end":{"line":155,"column":44}},{"start":{"line":155,"column":44},"end":{"line":155,"column":63}},{"start":{"line":155,"column":63},"end":{"line":155,"column":null}}],"line":155},"18":{"loc":{"start":{"line":156,"column":26},"end":{"line":156,"column":null}},"type":"binary-expr","locations":[{"start":{"line":156,"column":26},"end":{"line":156,"column":48}},{"start":{"line":156,"column":48},"end":{"line":156,"column":null}}],"line":156},"19":{"loc":{"start":{"line":157,"column":25},"end":{"line":157,"column":null}},"type":"binary-expr","locations":[{"start":{"line":157,"column":25},"end":{"line":157,"column":46}},{"start":{"line":157,"column":46},"end":{"line":157,"column":67}},{"start":{"line":157,"column":67},"end":{"line":157,"column":null}}],"line":157},"20":{"loc":{"start":{"line":158,"column":20},"end":{"line":158,"column":null}},"type":"binary-expr","locations":[{"start":{"line":158,"column":20},"end":{"line":158,"column":36}},{"start":{"line":158,"column":36},"end":{"line":158,"column":null}}],"line":158},"21":{"loc":{"start":{"line":168,"column":48},"end":{"line":168,"column":75}},"type":"default-arg","locations":[{"start":{"line":168,"column":70},"end":{"line":168,"column":75}}],"line":168},"22":{"loc":{"start":{"line":168,"column":75},"end":{"line":168,"column":116}},"type":"default-arg","locations":[{"start":{"line":168,"column":96},"end":{"line":168,"column":116}}],"line":168},"23":{"loc":{"start":{"line":180,"column":8},"end":{"line":182,"column":null}},"type":"if","locations":[{"start":{"line":180,"column":8},"end":{"line":182,"column":null}},{"start":{},"end":{}}],"line":180},"24":{"loc":{"start":{"line":207,"column":8},"end":{"line":212,"column":null}},"type":"if","locations":[{"start":{"line":207,"column":8},"end":{"line":212,"column":null}},{"start":{},"end":{}}],"line":207},"25":{"loc":{"start":{"line":214,"column":8},"end":{"line":216,"column":null}},"type":"if","locations":[{"start":{"line":214,"column":8},"end":{"line":216,"column":null}},{"start":{},"end":{}}],"line":214},"26":{"loc":{"start":{"line":221,"column":8},"end":{"line":236,"column":null}},"type":"if","locations":[{"start":{"line":221,"column":8},"end":{"line":236,"column":null}},{"start":{},"end":{}}],"line":221},"27":{"loc":{"start":{"line":222,"column":31},"end":{"line":222,"column":null}},"type":"binary-expr","locations":[{"start":{"line":222,"column":31},"end":{"line":222,"column":58}},{"start":{"line":222,"column":58},"end":{"line":222,"column":null}}],"line":222},"28":{"loc":{"start":{"line":230,"column":11},"end":{"line":232,"column":null}},"type":"if","locations":[{"start":{"line":230,"column":11},"end":{"line":232,"column":null}},{"start":{},"end":{}}],"line":230},"29":{"loc":{"start":{"line":233,"column":11},"end":{"line":235,"column":null}},"type":"if","locations":[{"start":{"line":233,"column":11},"end":{"line":235,"column":null}},{"start":{},"end":{}}],"line":233},"30":{"loc":{"start":{"line":247,"column":10},"end":{"line":247,"column":null}},"type":"binary-expr","locations":[{"start":{"line":247,"column":10},"end":{"line":247,"column":23}},{"start":{"line":247,"column":23},"end":{"line":247,"column":null}}],"line":247},"31":{"loc":{"start":{"line":298,"column":4},"end":{"line":302,"column":null}},"type":"if","locations":[{"start":{"line":298,"column":4},"end":{"line":302,"column":null}},{"start":{},"end":{}}],"line":298},"32":{"loc":{"start":{"line":300,"column":20},"end":{"line":300,"column":null}},"type":"cond-expr","locations":[{"start":{"line":300,"column":46},"end":{"line":300,"column":60}},{"start":{"line":300,"column":60},"end":{"line":300,"column":null}}],"line":300},"33":{"loc":{"start":{"line":309,"column":15},"end":{"line":309,"column":null}},"type":"binary-expr","locations":[{"start":{"line":309,"column":15},"end":{"line":309,"column":31}},{"start":{"line":309,"column":31},"end":{"line":309,"column":null}}],"line":309},"34":{"loc":{"start":{"line":310,"column":30},"end":{"line":310,"column":null}},"type":"binary-expr","locations":[{"start":{"line":310,"column":30},"end":{"line":310,"column":61}},{"start":{"line":310,"column":61},"end":{"line":310,"column":null}}],"line":310},"35":{"loc":{"start":{"line":311,"column":19},"end":{"line":311,"column":null}},"type":"binary-expr","locations":[{"start":{"line":311,"column":19},"end":{"line":311,"column":39}},{"start":{"line":311,"column":39},"end":{"line":311,"column":null}}],"line":311},"36":{"loc":{"start":{"line":312,"column":17},"end":{"line":312,"column":null}},"type":"binary-expr","locations":[{"start":{"line":312,"column":17},"end":{"line":312,"column":35}},{"start":{"line":312,"column":35},"end":{"line":312,"column":null}}],"line":312},"37":{"loc":{"start":{"line":324,"column":6},"end":{"line":326,"column":null}},"type":"if","locations":[{"start":{"line":324,"column":6},"end":{"line":326,"column":null}},{"start":{},"end":{}}],"line":324},"38":{"loc":{"start":{"line":334,"column":6},"end":{"line":337,"column":null}},"type":"if","locations":[{"start":{"line":334,"column":6},"end":{"line":337,"column":null}},{"start":{},"end":{}}],"line":334},"39":{"loc":{"start":{"line":334,"column":10},"end":{"line":334,"column":44}},"type":"binary-expr","locations":[{"start":{"line":334,"column":10},"end":{"line":334,"column":29}},{"start":{"line":334,"column":29},"end":{"line":334,"column":44}}],"line":334},"40":{"loc":{"start":{"line":376,"column":4},"end":{"line":386,"column":null}},"type":"if","locations":[{"start":{"line":376,"column":4},"end":{"line":386,"column":null}},{"start":{},"end":{}}],"line":376},"41":{"loc":{"start":{"line":380,"column":15},"end":{"line":380,"column":null}},"type":"binary-expr","locations":[{"start":{"line":380,"column":15},"end":{"line":380,"column":29}},{"start":{"line":380,"column":29},"end":{"line":380,"column":48}},{"start":{"line":380,"column":48},"end":{"line":380,"column":null}}],"line":380},"42":{"loc":{"start":{"line":381,"column":19},"end":{"line":381,"column":null}},"type":"binary-expr","locations":[{"start":{"line":381,"column":19},"end":{"line":381,"column":37}},{"start":{"line":381,"column":37},"end":{"line":381,"column":null}}],"line":381},"43":{"loc":{"start":{"line":382,"column":24},"end":{"line":382,"column":null}},"type":"binary-expr","locations":[{"start":{"line":382,"column":24},"end":{"line":382,"column":47}},{"start":{"line":382,"column":47},"end":{"line":382,"column":null}}],"line":382},"44":{"loc":{"start":{"line":383,"column":24},"end":{"line":383,"column":null}},"type":"binary-expr","locations":[{"start":{"line":383,"column":24},"end":{"line":383,"column":47}},{"start":{"line":383,"column":47},"end":{"line":383,"column":null}}],"line":383},"45":{"loc":{"start":{"line":384,"column":31},"end":{"line":384,"column":null}},"type":"binary-expr","locations":[{"start":{"line":384,"column":31},"end":{"line":384,"column":61}},{"start":{"line":384,"column":61},"end":{"line":384,"column":null}}],"line":384},"46":{"loc":{"start":{"line":433,"column":6},"end":{"line":435,"column":null}},"type":"if","locations":[{"start":{"line":433,"column":6},"end":{"line":435,"column":null}},{"start":{},"end":{}}],"line":433},"47":{"loc":{"start":{"line":440,"column":6},"end":{"line":440,"column":null}},"type":"if","locations":[{"start":{"line":440,"column":6},"end":{"line":440,"column":null}},{"start":{},"end":{}}],"line":440},"48":{"loc":{"start":{"line":446,"column":15},"end":{"line":446,"column":null}},"type":"binary-expr","locations":[{"start":{"line":446,"column":15},"end":{"line":446,"column":31}},{"start":{"line":446,"column":31},"end":{"line":446,"column":52}},{"start":{"line":446,"column":52},"end":{"line":446,"column":null}}],"line":446},"49":{"loc":{"start":{"line":447,"column":19},"end":{"line":447,"column":null}},"type":"binary-expr","locations":[{"start":{"line":447,"column":19},"end":{"line":447,"column":39}},{"start":{"line":447,"column":39},"end":{"line":447,"column":null}}],"line":447},"50":{"loc":{"start":{"line":448,"column":24},"end":{"line":448,"column":null}},"type":"binary-expr","locations":[{"start":{"line":448,"column":24},"end":{"line":448,"column":49}},{"start":{"line":448,"column":49},"end":{"line":448,"column":null}}],"line":448},"51":{"loc":{"start":{"line":449,"column":24},"end":{"line":449,"column":null}},"type":"binary-expr","locations":[{"start":{"line":449,"column":24},"end":{"line":449,"column":49}},{"start":{"line":449,"column":49},"end":{"line":449,"column":null}}],"line":449},"52":{"loc":{"start":{"line":450,"column":31},"end":{"line":450,"column":null}},"type":"binary-expr","locations":[{"start":{"line":450,"column":31},"end":{"line":450,"column":63}},{"start":{"line":450,"column":63},"end":{"line":450,"column":null}}],"line":450}},"s":{"0":1,"1":1,"2":1,"3":24,"4":24,"5":24,"6":24,"7":1,"8":24,"9":24,"10":11,"11":110,"12":3,"13":3,"14":3,"15":3,"16":3,"17":1,"18":1,"19":1,"20":1,"21":1,"22":1,"23":1,"24":3,"25":3,"26":7,"27":7,"28":7,"29":7,"30":7,"31":7,"32":0,"33":7,"34":3,"35":3,"36":3,"37":3,"38":1,"39":0,"40":1,"41":1,"42":1,"43":2,"44":2,"45":2,"46":2,"47":1,"48":1,"49":1,"50":1,"51":1,"52":1,"53":2,"54":4,"55":4,"56":1,"57":4,"58":4,"59":4,"60":2,"61":5,"62":2,"63":2,"64":1,"65":1,"66":1,"67":1,"68":13,"69":2,"70":2,"71":2,"72":11,"73":11,"74":13,"75":13,"76":11,"77":13,"78":2,"79":9,"80":9,"81":9,"82":1,"83":1,"84":8,"85":8,"86":8,"87":8,"88":4,"89":4,"90":4,"91":4,"92":1,"93":1,"94":4,"95":4,"96":4,"97":1,"98":1,"99":1,"100":3,"101":3,"102":3,"103":3,"104":1,"105":2,"106":2,"107":4,"108":1,"109":1,"110":1,"111":1,"112":2,"113":2,"114":1},"f":{"0":24,"1":11,"2":110,"3":3,"4":3,"5":3,"6":1,"7":3,"8":0,"9":0,"10":4,"11":4,"12":5,"13":13,"14":4},"b":{"0":[24,18,0],"1":[24,21,0],"2":[1,23],"3":[24,24],"4":[24,5],"5":[22,88],"6":[1,0],"7":[1,0],"8":[1,0],"9":[1,0],"10":[0,0],"11":[1,0,0],"12":[1,0],"13":[1,0],"14":[1,0],"15":[1,1],"16":[1,0,0],"17":[1,0,0],"18":[1,0],"19":[1,0,0],"20":[1,0],"21":[3],"22":[3],"23":[7,0],"24":[1,2],"25":[2,0],"26":[1,1],"27":[1,0],"28":[1,0],"29":[1,0],"30":[1,0],"31":[2,11],"32":[2,0],"33":[11,11],"34":[13,11],"35":[13,11],"36":[13,11],"37":[2,11],"38":[1,8],"39":[9,9],"40":[1,3],"41":[1,1,0],"42":[1,0],"43":[1,0],"44":[1,0],"45":[1,0],"46":[1,2],"47":[1,3],"48":[1,0,0],"49":[4,0],"50":[4,0],"51":[4,1],"52":[4,1]},"meta":{"lastBranch":53,"lastFunction":15,"lastStatement":115,"seen":{"s:47:34:59:Infinity":0,"s:61:28:67:Infinity":1,"s:69:25:75:Infinity":2,"f:101:2:101:14":0,"s:102:4:102:Infinity":3,"b:102:18:102:36:102:36:102:68:102:68:102:Infinity":0,"s:105:23:105:Infinity":4,"b:105:23:105:42:105:42:105:79:105:79:105:Infinity":1,"s:106:4:106:Infinity":5,"b:109:4:111:Infinity:undefined:undefined:undefined:undefined":2,"s:109:4:111:Infinity":6,"s:110:7:110:Infinity":7,"s:115:4:115:Infinity":8,"b:115:17:115:51:115:51:115:Infinity":3,"s:117:4:117:Infinity":9,"b:117:19:117:39:117:39:117:Infinity":4,"f:120:10:120:23":1,"s:121:4:123:Infinity":10,"f:121:49:121:50":2,"s:122:6:122:Infinity":11,"b:122:41:122:63:122:63:122:Infinity":5,"f:126:16:126:22":3,"s:127:4:127:Infinity":12,"f:127:23:127:34":4,"s:127:34:127:57":13,"f:130:10:130:29":5,"s:131:4:164:Infinity":14,"s:133:28:133:Infinity":15,"s:134:6:134:Infinity":16,"s:136:6:136:Infinity":17,"b:139:6:149:Infinity:undefined:undefined:undefined:undefined":6,"s:139:6:149:Infinity":18,"s:140:8:148:Infinity":19,"b:141:64:141:91:141:91:141:Infinity":7,"b:142:53:142:71:142:71:142:Infinity":8,"b:144:65:144:87:144:87:144:Infinity":9,"b:144:123:144:155:144:155:144:Infinity":10,"b:145:27:145:57:145:57:145:71:145:71:145:Infinity":11,"b:146:30:146:58:146:58:146:Infinity":12,"b:147:68:147:93:147:93:147:Infinity":13,"b:152:6:160:Infinity:undefined:undefined:undefined:undefined":14,"s:152:6:160:Infinity":20,"b:152:10:152:45:152:45:152:77":15,"s:153:8:159:Infinity":21,"f:153:46:153:47":6,"s:153:61:159:10":22,"b:154:16:154:34:154:34:154:46:154:46:154:Infinity":16,"b:155:24:155:44:155:44:155:63:155:63:155:Infinity":17,"b:156:26:156:48:156:48:156:Infinity":18,"b:157:25:157:46:157:46:157:67:157:67:157:Infinity":19,"b:158:20:158:36:158:36:158:Infinity":20,"s:163:6:163:Infinity":23,"f:168:16:168:31":7,"b:168:70:168:75":21,"b:168:96:168:116":22,"s:169:19:173:Infinity":24,"s:177:4:245:Infinity":25,"s:178:6:244:Infinity":26,"s:179:26:179:Infinity":27,"b:180:8:182:Infinity:undefined:undefined:undefined:undefined":23,"s:180:8:182:Infinity":28,"s:181:10:181:Infinity":29,"s:184:27:184:Infinity":30,"s:185:26:185:Infinity":31,"f:185:37:185:43":8,"s:185:43:185:63":32,"s:187:25:201:Infinity":33,"s:203:8:203:Infinity":34,"s:204:24:204:Infinity":35,"s:205:25:205:Infinity":36,"b:207:8:212:Infinity:undefined:undefined:undefined:undefined":24,"s:207:8:212:Infinity":37,"s:208:29:208:Infinity":38,"f:208:57:208:64":9,"s:208:64:208:67":39,"s:209:11:209:Infinity":40,"s:210:11:210:Infinity":41,"s:211:11:211:Infinity":42,"b:214:8:216:Infinity:undefined:undefined:undefined:undefined":25,"s:214:8:216:Infinity":43,"s:215:10:215:Infinity":44,"s:218:21:218:Infinity":45,"b:221:8:236:Infinity:undefined:undefined:undefined:undefined":26,"s:221:8:236:Infinity":46,"s:222:31:222:Infinity":47,"b:222:31:222:58:222:58:222:Infinity":27,"s:229:37:229:Infinity":48,"b:230:11:232:Infinity:undefined:undefined:undefined:undefined":28,"s:230:11:232:Infinity":49,"s:231:13:231:Infinity":50,"b:233:11:235:Infinity:undefined:undefined:undefined:undefined":29,"s:233:11:235:Infinity":51,"s:234:13:234:Infinity":52,"s:238:8:238:Infinity":53,"s:241:8:241:Infinity":54,"s:242:8:242:Infinity":55,"s:247:4:247:Infinity":56,"b:247:10:247:23:247:23:247:Infinity":30,"f:250:10:250:29":10,"s:251:4:265:Infinity":57,"f:269:10:269:24":11,"s:270:4:294:Infinity":58,"s:271:6:271:Infinity":59,"s:278:23:280:Infinity":60,"f:278:61:278:62":12,"s:279:10:279:Infinity":61,"s:282:6:293:Infinity":62,"s:283:8:283:Infinity":63,"s:287:29:287:Infinity":64,"s:288:8:292:Infinity":65,"s:289:11:289:Infinity":66,"s:291:13:291:Infinity":67,"f:297:8:297:27":13,"b:298:4:302:Infinity:undefined:undefined:undefined:undefined":31,"s:298:4:302:Infinity":68,"s:299:6:299:Infinity":69,"s:300:20:300:Infinity":70,"b:300:46:300:60:300:60:300:Infinity":32,"s:301:6:301:Infinity":71,"s:304:4:372:Infinity":72,"s:305:21:314:Infinity":73,"b:309:15:309:31:309:31:309:Infinity":33,"b:310:30:310:61:310:61:310:Infinity":34,"b:311:19:311:39:311:39:311:Infinity":35,"b:312:17:312:35:312:35:312:Infinity":36,"s:316:23:318:Infinity":74,"s:320:19:320:Infinity":75,"s:322:22:322:Infinity":76,"b:324:6:326:Infinity:undefined:undefined:undefined:undefined":37,"s:324:6:326:Infinity":77,"s:325:9:325:Infinity":78,"s:331:23:331:Infinity":79,"s:332:21:332:Infinity":80,"b:334:6:337:Infinity:undefined:undefined:undefined:undefined":38,"s:334:6:337:Infinity":81,"b:334:10:334:29:334:29:334:44":39,"s:335:8:335:Infinity":82,"s:336:8:336:Infinity":83,"s:340:20:340:Infinity":84,"s:343:6:367:Infinity":85,"s:345:27:345:Infinity":86,"s:346:8:346:Infinity":87,"s:349:8:349:Infinity":88,"s:351:8:366:Infinity":89,"s:353:29:353:Infinity":90,"s:354:10:354:Infinity":91,"s:357:10:364:Infinity":92,"s:365:10:365:Infinity":93,"s:370:6:370:Infinity":94,"s:371:6:371:Infinity":95,"f:375:8:375:21":14,"b:376:4:386:Infinity:undefined:undefined:undefined:undefined":40,"s:376:4:386:Infinity":96,"s:377:6:377:Infinity":97,"s:378:19:378:Infinity":98,"s:379:6:385:Infinity":99,"b:380:15:380:29:380:29:380:48:380:48:380:Infinity":41,"b:381:19:381:37:381:37:381:Infinity":42,"b:382:24:382:47:382:47:382:Infinity":43,"b:383:24:383:47:383:47:383:Infinity":44,"b:384:31:384:61:384:61:384:Infinity":45,"s:388:4:455:Infinity":100,"s:396:23:409:Infinity":101,"s:420:23:431:Infinity":102,"b:433:6:435:Infinity:undefined:undefined:undefined:undefined":46,"s:433:6:435:Infinity":103,"s:434:9:434:Infinity":104,"s:437:19:437:Infinity":105,"s:438:19:438:Infinity":106,"b:440:6:440:Infinity:undefined:undefined:undefined:undefined":47,"s:440:6:440:Infinity":107,"s:440:17:440:Infinity":108,"s:442:24:442:Infinity":109,"s:443:21:443:Infinity":110,"s:445:6:451:Infinity":111,"b:446:15:446:31:446:31:446:52:446:52:446:Infinity":48,"b:447:19:447:39:447:39:447:Infinity":49,"b:448:24:448:49:448:49:448:Infinity":50,"b:449:24:449:49:449:49:449:Infinity":51,"b:450:31:450:63:450:63:450:Infinity":52,"s:453:6:453:Infinity":112,"s:454:6:454:Infinity":113,"s:459:29:459:Infinity":114}}}
,"D:\\Flutter Project Files\\teacher_daily_tool\\src\\store\\slices\\aiSlice.ts": {"path":"D:\\Flutter Project Files\\teacher_daily_tool\\src\\store\\slices\\aiSlice.ts","statementMap":{"0":{"start":{"line":11,"column":30},"end":{"line":16,"column":null}},"1":{"start":{"line":18,"column":6},"end":{"line":35,"column":null}},"2":{"start":{"line":23,"column":6},"end":{"line":23,"column":null}},"3":{"start":{"line":26,"column":6},"end":{"line":26,"column":null}},"4":{"start":{"line":29,"column":6},"end":{"line":29,"column":null}},"5":{"start":{"line":32,"column":6},"end":{"line":32,"column":null}},"6":{"start":{"line":37,"column":72},"end":{"line":37,"column":null}},"7":{"start":{"line":40,"column":29},"end":{"line":40,"column":null}},"8":{"start":{"line":40,"column":51},"end":{"line":40,"column":null}},"9":{"start":{"line":41,"column":29},"end":{"line":41,"column":null}},"10":{"start":{"line":41,"column":51},"end":{"line":41,"column":null}},"11":{"start":{"line":42,"column":33},"end":{"line":42,"column":null}},"12":{"start":{"line":42,"column":55},"end":{"line":42,"column":null}},"13":{"start":{"line":43,"column":33},"end":{"line":43,"column":null}},"14":{"start":{"line":43,"column":55},"end":{"line":43,"column":null}},"15":{"start":{"line":47,"column":13},"end":{"line":55,"column":null}},"16":{"start":{"line":50,"column":4},"end":{"line":50,"column":null}},"17":{"start":{"line":50,"column":38},"end":{"line":50,"column":null}},"18":{"start":{"line":53,"column":4},"end":{"line":53,"column":null}}},"fnMap":{"0":{"name":"(anonymous_0)","decl":{"start":{"line":22,"column":4},"end":{"line":22,"column":15}},"loc":{"start":{"line":22,"column":55},"end":{"line":24,"column":null}},"line":22},"1":{"name":"(anonymous_1)","decl":{"start":{"line":25,"column":4},"end":{"line":25,"column":19}},"loc":{"start":{"line":25,"column":59},"end":{"line":27,"column":null}},"line":25},"2":{"name":"(anonymous_2)","decl":{"start":{"line":28,"column":4},"end":{"line":28,"column":17}},"loc":{"start":{"line":28,"column":56},"end":{"line":30,"column":null}},"line":28},"3":{"name":"(anonymous_3)","decl":{"start":{"line":31,"column":4},"end":{"line":31,"column":15}},"loc":{"start":{"line":31,"column":60},"end":{"line":33,"column":null}},"line":31},"4":{"name":"(anonymous_4)","decl":{"start":{"line":40,"column":29},"end":{"line":40,"column":30}},"loc":{"start":{"line":40,"column":51},"end":{"line":40,"column":null}},"line":40},"5":{"name":"(anonymous_5)","decl":{"start":{"line":41,"column":29},"end":{"line":41,"column":30}},"loc":{"start":{"line":41,"column":51},"end":{"line":41,"column":null}},"line":41},"6":{"name":"(anonymous_6)","decl":{"start":{"line":42,"column":33},"end":{"line":42,"column":34}},"loc":{"start":{"line":42,"column":55},"end":{"line":42,"column":null}},"line":42},"7":{"name":"(anonymous_7)","decl":{"start":{"line":43,"column":33},"end":{"line":43,"column":34}},"loc":{"start":{"line":43,"column":55},"end":{"line":43,"column":null}},"line":43},"8":{"name":"(anonymous_8)","decl":{"start":{"line":49,"column":2},"end":{"line":49,"column":3}},"loc":{"start":{"line":49,"column":13},"end":{"line":54,"column":null}},"line":49}},"branchMap":{"0":{"loc":{"start":{"line":50,"column":4},"end":{"line":50,"column":null}},"type":"if","locations":[{"start":{"line":50,"column":4},"end":{"line":50,"column":null}},{"start":{},"end":{}}],"line":50},"1":{"loc":{"start":{"line":50,"column":8},"end":{"line":50,"column":38}},"type":"binary-expr","locations":[{"start":{"line":50,"column":8},"end":{"line":50,"column":18}},{"start":{"line":50,"column":18},"end":{"line":50,"column":38}}],"line":50}},"s":{"0":2,"1":2,"2":1,"3":1,"4":2,"5":0,"6":2,"7":2,"8":0,"9":2,"10":0,"11":2,"12":0,"13":2,"14":14,"15":2,"16":0,"17":0,"18":0},"f":{"0":1,"1":1,"2":2,"3":0,"4":0,"5":0,"6":0,"7":14,"8":0},"b":{"0":[0,0],"1":[0,0]},"meta":{"lastBranch":2,"lastFunction":9,"lastStatement":19,"seen":{"s:11:30:16:Infinity":0,"s:18:6:35:Infinity":1,"f:22:4:22:15":0,"s:23:6:23:Infinity":2,"f:25:4:25:19":1,"s:26:6:26:Infinity":3,"f:28:4:28:17":2,"s:29:6:29:Infinity":4,"f:31:4:31:15":3,"s:32:6:32:Infinity":5,"s:37:72:37:Infinity":6,"s:40:29:40:Infinity":7,"f:40:29:40:30":4,"s:40:51:40:Infinity":8,"s:41:29:41:Infinity":9,"f:41:29:41:30":5,"s:41:51:41:Infinity":10,"s:42:33:42:Infinity":11,"f:42:33:42:34":6,"s:42:55:42:Infinity":12,"s:43:33:43:Infinity":13,"f:43:33:43:34":7,"s:43:55:43:Infinity":14,"s:47:13:55:Infinity":15,"f:49:2:49:3":8,"b:50:4:50:Infinity:undefined:undefined:undefined:undefined":0,"s:50:4:50:Infinity":16,"b:50:8:50:18:50:18:50:38":1,"s:50:38:50:Infinity":17,"s:53:4:53:Infinity":18}}}
,"D:\\Flutter Project Files\\teacher_daily_tool\\src\\store\\slices\\lessonSlice.ts": {"path":"D:\\Flutter Project Files\\teacher_daily_tool\\src\\store\\slices\\lessonSlice.ts","statementMap":{"0":{"start":{"line":26,"column":34},"end":{"line":40,"column":null}},"1":{"start":{"line":42,"column":6},"end":{"line":83,"column":null}},"2":{"start":{"line":47,"column":6},"end":{"line":47,"column":null}},"3":{"start":{"line":50,"column":6},"end":{"line":50,"column":null}},"4":{"start":{"line":53,"column":6},"end":{"line":53,"column":null}},"5":{"start":{"line":56,"column":6},"end":{"line":56,"column":null}},"6":{"start":{"line":59,"column":6},"end":{"line":59,"column":null}},"7":{"start":{"line":62,"column":6},"end":{"line":62,"column":null}},"8":{"start":{"line":65,"column":6},"end":{"line":65,"column":null}},"9":{"start":{"line":68,"column":6},"end":{"line":68,"column":null}},"10":{"start":{"line":69,"column":6},"end":{"line":69,"column":null}},"11":{"start":{"line":70,"column":6},"end":{"line":70,"column":null}},"12":{"start":{"line":73,"column":6},"end":{"line":73,"column":null}},"13":{"start":{"line":76,"column":6},"end":{"line":76,"column":null}},"14":{"start":{"line":79,"column":6},"end":{"line":79,"column":null}},"15":{"start":{"line":80,"column":6},"end":{"line":80,"column":null}},"16":{"start":{"line":97,"column":4},"end":{"line":97,"column":null}},"17":{"start":{"line":100,"column":33},"end":{"line":100,"column":null}},"18":{"start":{"line":100,"column":69},"end":{"line":100,"column":null}},"19":{"start":{"line":101,"column":35},"end":{"line":101,"column":null}},"20":{"start":{"line":101,"column":71},"end":{"line":101,"column":null}},"21":{"start":{"line":102,"column":31},"end":{"line":102,"column":null}},"22":{"start":{"line":102,"column":67},"end":{"line":102,"column":null}}},"fnMap":{"0":{"name":"(anonymous_0)","decl":{"start":{"line":46,"column":4},"end":{"line":46,"column":13}},"loc":{"start":{"line":46,"column":51},"end":{"line":48,"column":null}},"line":46},"1":{"name":"(anonymous_1)","decl":{"start":{"line":49,"column":4},"end":{"line":49,"column":16}},"loc":{"start":{"line":49,"column":54},"end":{"line":51,"column":null}},"line":49},"2":{"name":"(anonymous_2)","decl":{"start":{"line":52,"column":4},"end":{"line":52,"column":13}},"loc":{"start":{"line":52,"column":51},"end":{"line":54,"column":null}},"line":52},"3":{"name":"(anonymous_3)","decl":{"start":{"line":55,"column":4},"end":{"line":55,"column":13}},"loc":{"start":{"line":55,"column":53},"end":{"line":57,"column":null}},"line":55},"4":{"name":"(anonymous_4)","decl":{"start":{"line":58,"column":4},"end":{"line":58,"column":17}},"loc":{"start":{"line":58,"column":57},"end":{"line":60,"column":null}},"line":58},"5":{"name":"(anonymous_5)","decl":{"start":{"line":61,"column":4},"end":{"line":61,"column":15}},"loc":{"start":{"line":61,"column":60},"end":{"line":63,"column":null}},"line":61},"6":{"name":"(anonymous_6)","decl":{"start":{"line":64,"column":4},"end":{"line":64,"column":28}},"loc":{"start":{"line":64,"column":66},"end":{"line":66,"column":null}},"line":64},"7":{"name":"(anonymous_7)","decl":{"start":{"line":67,"column":4},"end":{"line":67,"column":21}},"loc":{"start":{"line":67,"column":63},"end":{"line":71,"column":null}},"line":67},"8":{"name":"(anonymous_8)","decl":{"start":{"line":72,"column":4},"end":{"line":72,"column":15}},"loc":{"start":{"line":72,"column":54},"end":{"line":74,"column":null}},"line":72},"9":{"name":"(anonymous_9)","decl":{"start":{"line":75,"column":4},"end":{"line":75,"column":13}},"loc":{"start":{"line":75,"column":58},"end":{"line":77,"column":null}},"line":75},"10":{"name":"(anonymous_10)","decl":{"start":{"line":78,"column":4},"end":{"line":78,"column":21}},"loc":{"start":{"line":78,"column":59},"end":{"line":81,"column":null}},"line":78},"11":{"name":"(anonymous_11)","decl":{"start":{"line":100,"column":33},"end":{"line":100,"column":34}},"loc":{"start":{"line":100,"column":69},"end":{"line":100,"column":null}},"line":100},"12":{"name":"(anonymous_12)","decl":{"start":{"line":101,"column":35},"end":{"line":101,"column":36}},"loc":{"start":{"line":101,"column":71},"end":{"line":101,"column":null}},"line":101},"13":{"name":"(anonymous_13)","decl":{"start":{"line":102,"column":31},"end":{"line":102,"column":32}},"loc":{"start":{"line":102,"column":67},"end":{"line":102,"column":null}},"line":102}},"branchMap":{},"s":{"0":3,"1":3,"2":2,"3":0,"4":0,"5":0,"6":0,"7":0,"8":0,"9":2,"10":2,"11":2,"12":2,"13":1,"14":1,"15":1,"16":3,"17":3,"18":0,"19":3,"20":0,"21":3,"22":0},"f":{"0":2,"1":0,"2":0,"3":0,"4":0,"5":0,"6":0,"7":2,"8":2,"9":1,"10":1,"11":0,"12":0,"13":0},"b":{},"meta":{"lastBranch":0,"lastFunction":14,"lastStatement":23,"seen":{"s:26:34:40:Infinity":0,"s:42:6:83:Infinity":1,"f:46:4:46:13":0,"s:47:6:47:Infinity":2,"f:49:4:49:16":1,"s:50:6:50:Infinity":3,"f:52:4:52:13":2,"s:53:6:53:Infinity":4,"f:55:4:55:13":3,"s:56:6:56:Infinity":5,"f:58:4:58:17":4,"s:59:6:59:Infinity":6,"f:61:4:61:15":5,"s:62:6:62:Infinity":7,"f:64:4:64:28":6,"s:65:6:65:Infinity":8,"f:67:4:67:21":7,"s:68:6:68:Infinity":9,"s:69:6:69:Infinity":10,"s:70:6:70:Infinity":11,"f:72:4:72:15":8,"s:73:6:73:Infinity":12,"f:75:4:75:13":9,"s:76:6:76:Infinity":13,"f:78:4:78:21":10,"s:79:6:79:Infinity":14,"s:80:6:80:Infinity":15,"s:97:4:97:Infinity":16,"s:100:33:100:Infinity":17,"f:100:33:100:34":11,"s:100:69:100:Infinity":18,"s:101:35:101:Infinity":19,"f:101:35:101:36":12,"s:101:71:101:Infinity":20,"s:102:31:102:Infinity":21,"f:102:31:102:32":13,"s:102:67:102:Infinity":22}}}
,"D:\\Flutter Project Files\\teacher_daily_tool\\src\\store\\slices\\previewSlice.ts": {"path":"D:\\Flutter Project Files\\teacher_daily_tool\\src\\store\\slices\\previewSlice.ts","statementMap":{"0":{"start":{"line":13,"column":35},"end":{"line":19,"column":null}},"1":{"start":{"line":21,"column":6},"end":{"line":44,"column":null}},"2":{"start":{"line":26,"column":6},"end":{"line":26,"column":null}},"3":{"start":{"line":29,"column":6},"end":{"line":29,"column":null}},"4":{"start":{"line":32,"column":6},"end":{"line":32,"column":null}},"5":{"start":{"line":35,"column":6},"end":{"line":35,"column":null}},"6":{"start":{"line":36,"column":6},"end":{"line":38,"column":null}},"7":{"start":{"line":37,"column":8},"end":{"line":37,"column":null}},"8":{"start":{"line":41,"column":6},"end":{"line":41,"column":null}},"9":{"start":{"line":52,"column":4},"end":{"line":52,"column":null}},"10":{"start":{"line":55,"column":33},"end":{"line":55,"column":null}},"11":{"start":{"line":55,"column":71},"end":{"line":55,"column":null}},"12":{"start":{"line":56,"column":34},"end":{"line":56,"column":null}},"13":{"start":{"line":56,"column":72},"end":{"line":56,"column":null}}},"fnMap":{"0":{"name":"(anonymous_0)","decl":{"start":{"line":25,"column":4},"end":{"line":25,"column":19}},"loc":{"start":{"line":25,"column":62},"end":{"line":27,"column":null}},"line":25},"1":{"name":"(anonymous_1)","decl":{"start":{"line":28,"column":4},"end":{"line":28,"column":13}},"loc":{"start":{"line":28,"column":51},"end":{"line":30,"column":null}},"line":28},"2":{"name":"(anonymous_2)","decl":{"start":{"line":31,"column":4},"end":{"line":31,"column":19}},"loc":{"start":{"line":31,"column":57},"end":{"line":33,"column":null}},"line":31},"3":{"name":"(anonymous_3)","decl":{"start":{"line":34,"column":4},"end":{"line":34,"column":18}},"loc":{"start":{"line":34,"column":56},"end":{"line":39,"column":null}},"line":34},"4":{"name":"(anonymous_4)","decl":{"start":{"line":40,"column":4},"end":{"line":40,"column":19}},"loc":{"start":{"line":40,"column":58},"end":{"line":42,"column":null}},"line":40},"5":{"name":"(anonymous_5)","decl":{"start":{"line":55,"column":33},"end":{"line":55,"column":34}},"loc":{"start":{"line":55,"column":71},"end":{"line":55,"column":null}},"line":55},"6":{"name":"(anonymous_6)","decl":{"start":{"line":56,"column":34},"end":{"line":56,"column":35}},"loc":{"start":{"line":56,"column":72},"end":{"line":56,"column":null}},"line":56}},"branchMap":{"0":{"loc":{"start":{"line":36,"column":6},"end":{"line":38,"column":null}},"type":"if","locations":[{"start":{"line":36,"column":6},"end":{"line":38,"column":null}},{"start":{},"end":{}}],"line":36}},"s":{"0":2,"1":2,"2":0,"3":0,"4":0,"5":0,"6":0,"7":0,"8":0,"9":2,"10":2,"11":0,"12":2,"13":0},"f":{"0":0,"1":0,"2":0,"3":0,"4":0,"5":0,"6":0},"b":{"0":[0,0]},"meta":{"lastBranch":1,"lastFunction":7,"lastStatement":14,"seen":{"s:13:35:19:Infinity":0,"s:21:6:44:Infinity":1,"f:25:4:25:19":0,"s:26:6:26:Infinity":2,"f:28:4:28:13":1,"s:29:6:29:Infinity":3,"f:31:4:31:19":2,"s:32:6:32:Infinity":4,"f:34:4:34:18":3,"s:35:6:35:Infinity":5,"b:36:6:38:Infinity:undefined:undefined:undefined:undefined":0,"s:36:6:38:Infinity":6,"s:37:8:37:Infinity":7,"f:40:4:40:19":4,"s:41:6:41:Infinity":8,"s:52:4:52:Infinity":9,"s:55:33:55:Infinity":10,"f:55:33:55:34":5,"s:55:71:55:Infinity":11,"s:56:34:56:Infinity":12,"f:56:34:56:35":6,"s:56:72:56:Infinity":13}}}
,"D:\\Flutter Project Files\\teacher_daily_tool\\src\\styles\\AppColors.ts": {"path":"D:\\Flutter Project Files\\teacher_daily_tool\\src\\styles\\AppColors.ts","statementMap":{"0":{"start":{"line":8,"column":25},"end":{"line":70,"column":null}},"1":{"start":{"line":77,"column":31},"end":{"line":84,"column":null}},"2":{"start":{"line":78,"column":2},"end":{"line":83,"column":null}},"3":{"start":{"line":79,"column":20},"end":{"line":79,"column":null}},"4":{"start":{"line":80,"column":19},"end":{"line":80,"column":null}},"5":{"start":{"line":81,"column":17},"end":{"line":81,"column":null}},"6":{"start":{"line":82,"column":13},"end":{"line":82,"column":null}}},"fnMap":{"0":{"name":"(anonymous_0)","decl":{"start":{"line":77,"column":31},"end":{"line":77,"column":32}},"loc":{"start":{"line":77,"column":54},"end":{"line":84,"column":null}},"line":77}},"branchMap":{"0":{"loc":{"start":{"line":78,"column":2},"end":{"line":83,"column":null}},"type":"switch","locations":[{"start":{"line":79,"column":4},"end":{"line":79,"column":null}},{"start":{"line":80,"column":4},"end":{"line":80,"column":null}},{"start":{"line":81,"column":4},"end":{"line":81,"column":null}},{"start":{"line":82,"column":4},"end":{"line":82,"column":null}}],"line":78}},"s":{"0":4,"1":4,"2":12,"3":6,"4":0,"5":0,"6":6},"f":{"0":12},"b":{"0":[6,0,0,6]},"meta":{"lastBranch":1,"lastFunction":1,"lastStatement":7,"seen":{"s:8:25:70:Infinity":0,"s:77:31:84:Infinity":1,"f:77:31:77:32":0,"b:79:4:79:Infinity:80:4:80:Infinity:81:4:81:Infinity:82:4:82:Infinity":0,"s:78:2:83:Infinity":2,"s:79:20:79:Infinity":3,"s:80:19:80:Infinity":4,"s:81:17:81:Infinity":5,"s:82:13:82:Infinity":6}}}
,"D:\\Flutter Project Files\\teacher_daily_tool\\src\\templates\\image_analysis_prompt.ejs": {"path":"D:\\Flutter Project Files\\teacher_daily_tool\\src\\templates\\image_analysis_prompt.ejs","statementMap":{},"fnMap":{},"branchMap":{},"s":{},"f":{},"b":{},"meta":{"lastBranch":0,"lastFunction":0,"lastStatement":0,"seen":{}}}
,"D:\\Flutter Project Files\\teacher_daily_tool\\src\\templates\\system_prompt.ejs": {"path":"D:\\Flutter Project Files\\teacher_daily_tool\\src\\templates\\system_prompt.ejs","statementMap":{},"fnMap":{},"branchMap":{},"s":{},"f":{},"b":{},"meta":{"lastBranch":0,"lastFunction":0,"lastStatement":0,"seen":{}}}
,"D:\\Flutter Project Files\\teacher_daily_tool\\src\\utils\\lessonMapper.ts": {"path":"D:\\Flutter Project Files\\teacher_daily_tool\\src\\utils\\lessonMapper.ts","statementMap":{"0":{"start":{"line":9,"column":39},"end":{"line":32,"column":null}},"1":{"start":{"line":14,"column":2},"end":{"line":16,"column":null}},"2":{"start":{"line":15,"column":4},"end":{"line":15,"column":null}},"3":{"start":{"line":19,"column":2},"end":{"line":22,"column":null}},"4":{"start":{"line":20,"column":4},"end":{"line":20,"column":null}},"5":{"start":{"line":21,"column":4},"end":{"line":21,"column":null}},"6":{"start":{"line":24,"column":2},"end":{"line":31,"column":null}}},"fnMap":{"0":{"name":"(anonymous_0)","decl":{"start":{"line":9,"column":39},"end":{"line":9,"column":null}},"loc":{"start":{"line":13,"column":15},"end":{"line":32,"column":null}},"line":13}},"branchMap":{"0":{"loc":{"start":{"line":11,"column":2},"end":{"line":11,"column":null}},"type":"default-arg","locations":[{"start":{"line":11,"column":34},"end":{"line":11,"column":null}}],"line":11},"1":{"loc":{"start":{"line":12,"column":2},"end":{"line":12,"column":null}},"type":"default-arg","locations":[{"start":{"line":12,"column":23},"end":{"line":12,"column":null}}],"line":12},"2":{"loc":{"start":{"line":14,"column":2},"end":{"line":16,"column":null}},"type":"if","locations":[{"start":{"line":14,"column":2},"end":{"line":16,"column":null}},{"start":{},"end":{}}],"line":14},"3":{"loc":{"start":{"line":19,"column":2},"end":{"line":22,"column":null}},"type":"if","locations":[{"start":{"line":19,"column":2},"end":{"line":22,"column":null}},{"start":{},"end":{}}],"line":19},"4":{"loc":{"start":{"line":19,"column":6},"end":{"line":19,"column":56}},"type":"binary-expr","locations":[{"start":{"line":19,"column":6},"end":{"line":19,"column":21}},{"start":{"line":19,"column":21},"end":{"line":19,"column":56}}],"line":19},"5":{"loc":{"start":{"line":29,"column":16},"end":{"line":29,"column":null}},"type":"binary-expr","locations":[{"start":{"line":29,"column":16},"end":{"line":29,"column":35}},{"start":{"line":29,"column":35},"end":{"line":29,"column":null}}],"line":29}},"s":{"0":5,"1":10,"2":1,"3":9,"4":1,"5":1,"6":8},"f":{"0":10},"b":{"0":[10],"1":[10],"2":[1,9],"3":[1,8],"4":[9,9],"5":[8,0]},"meta":{"lastBranch":6,"lastFunction":1,"lastStatement":7,"seen":{"s:9:39:32:Infinity":0,"f:9:39:9:Infinity":0,"b:11:34:11:Infinity":0,"b:12:23:12:Infinity":1,"b:14:2:16:Infinity:undefined:undefined:undefined:undefined":2,"s:14:2:16:Infinity":1,"s:15:4:15:Infinity":2,"b:19:2:22:Infinity:undefined:undefined:undefined:undefined":3,"s:19:2:22:Infinity":3,"b:19:6:19:21:19:21:19:56":4,"s:20:4:20:Infinity":4,"s:21:4:21:Infinity":5,"s:24:2:31:Infinity":6,"b:29:16:29:35:29:35:29:Infinity":5}}}
}
